#
# A fatal error has been detected by the Java Runtime Environment:
#
#  Internal Error (vmThread.cpp:680), pid=7439, tid=7452
#  fatal error: Nested VM operation CollectForMetadataAllocation requested by operation ChangeBreakpoints
#
# JRE version: OpenJDK Runtime Environment (11.0.3+12) (build 11.0.3+12-b304.10)
# Java VM: OpenJDK 64-Bit Server VM (11.0.3+12-b304.10, mixed mode, tiered, compressed oops, g1 gc, linux-amd64)
# Core dump will be written. Default location: Core dumps may be processed with "/usr/lib/systemd/systemd-coredump %P %u %g %s %t %c %h %e" (or dumping to /home/erick.oliveira/Documents/localRepo/profeed/server/core.7439)
#
# If you would like to submit a bug report, please visit:
#   http://bugreport.java.com/bugreport/crash.jsp
#

---------------  S U M M A R Y ------------

Command Line: -Djava.io.tmpdir=/home/erick.oliveira/.var/app/com.jetbrains.IntelliJ-IDEA-Ultimate/cache/tmp/ -agentlib:jdwp=transport=dt_socket,address=127.0.0.1:36843,suspend=y,server=n -XX:TieredStopAtLevel=1 -Xverify:none -Dspring.output.ansi.enabled=always -Dcom.sun.management.jmxremote -Dspring.jmx.enabled=true -Dspring.liveBeansView.mbeanDomain -Dspring.application.admin.enabled=true -javaagent:/app/extra/idea-IU/plugins/java/lib/rt/debugger-agent.jar -Dfile.encoding=UTF-8 br.com.projuris.profeed.ProfeedApplication

Host: Intel(R) Core(TM) i7-7500U CPU @ 2.70GHz, 4 cores, 15G, Freedesktop.org 18.08.34 (Flatpak runtime)
Time: Mon Aug 12 16:07:24 2019 -03 elapsed time: 5 seconds (0d 0h 0m 5s)

---------------  T H R E A D  ---------------

Current thread (0x00007f742c247800):  VMThread "VM Thread" [stack: 0x00007f7408a5e000,0x00007f7408b5e000] [id=7452]

Stack: [0x00007f7408a5e000,0x00007f7408b5e000],  sp=0x00007f7408b5c390,  free space=1016k
Native frames: (J=compiled Java code, A=aot compiled Java code, j=interpreted, Vv=VM code, C=native code)
V  [libjvm.so+0xd96b9a]  VMError::report_and_die(int, char const*, char const*, __va_list_tag*, Thread*, unsigned char*, void*, void*, char const*, int, unsigned long)+0x18a
V  [libjvm.so+0xd979e7]  VMError::report_and_die(Thread*, void*, char const*, int, char const*, char const*, __va_list_tag*)+0x47
V  [libjvm.so+0x698bae]  report_fatal(char const*, int, char const*, ...)+0xfe
V  [libjvm.so+0xd9d6b3]  VMThread::execute(VM_Operation*)+0x313
V  [libjvm.so+0x616330]  CollectedHeap::satisfy_failed_metadata_allocation(ClassLoaderData*, unsigned long, Metaspace::MetadataType)+0x120
V  [libjvm.so+0xb1bea7]  Metaspace::allocate(ClassLoaderData*, unsigned long, MetaspaceObj::Type, Thread*)+0x127
V  [libjvm.so+0xb3364b]  MethodCounters::allocate(methodHandle const&, Thread*)+0x3b
V  [libjvm.so+0xb302de]  Method::build_method_counters(Method*, Thread*)+0x7e
V  [libjvm.so+0xb30553]  BreakpointInfo::set(Method*)+0xc3
V  [libjvm.so+0x9d2190]  JvmtiBreakpoint::each_method_version_do(void (Method::*)(int)) [clone .constprop.134]+0x20
V  [libjvm.so+0x9d3105]  VM_ChangeBreakpoints::doit()+0xe5
V  [libjvm.so+0xd9fc60]  VM_Operation::evaluate()+0xe0
V  [libjvm.so+0xd9d7f7]  VMThread::evaluate_operation(VM_Operation*)+0xc7
V  [libjvm.so+0xd9dbf4]  VMThread::loop()+0x244
V  [libjvm.so+0xd9e09d]  VMThread::run()+0x6d
V  [libjvm.so+0xd359b6]  Thread::call_run()+0x146
V  [libjvm.so+0xba3468]  thread_native_entry(Thread*)+0xf8

VM_Operation (0x00007f74081dc880): ChangeBreakpoints, mode: safepoint, requested by thread 0x00007f742c361800


---------------  P R O C E S S  ---------------

Threads class SMR info:
_java_thread_list=0x00007f7394001550, length=21, elements={
0x00007f742c015800, 0x00007f742c250000, 0x00007f742c254000, 0x00007f742c28f800,
0x00007f742c291800, 0x00007f742c293800, 0x00007f742c302800, 0x00007f742c361800,
0x00007f742c365000, 0x00007f73d4001800, 0x00007f742c72f000, 0x00007f742c869000,
0x00007f73e4001000, 0x00007f73c8002000, 0x00007f73a8028000, 0x00007f742d645800,
0x00007f73b0325800, 0x00007f742d64a800, 0x00007f742d237000, 0x00007f742d252000,
0x00007f738c001800
}

Java Threads: ( => current thread )
  0x00007f742c015800 JavaThread "main" [_thread_blocked, id=7442, stack(0x00007f7431378000,0x00007f7431479000)]
  0x00007f742c250000 JavaThread "Reference Handler" daemon [_thread_blocked, id=7453, stack(0x00007f740895b000,0x00007f7408a5c000)]
  0x00007f742c254000 JavaThread "Finalizer" daemon [_thread_blocked, id=7454, stack(0x00007f740885a000,0x00007f740895b000)]
  0x00007f742c28f800 JavaThread "Signal Dispatcher" daemon [_thread_blocked, id=7457, stack(0x00007f74084e1000,0x00007f74085e2000)]
  0x00007f742c291800 JavaThread "C1 CompilerThread0" daemon [_thread_blocked, id=7459, stack(0x00007f74083e0000,0x00007f74084e1000)]
  0x00007f742c293800 JavaThread "Sweeper thread" daemon [_thread_blocked, id=7460, stack(0x00007f74082df000,0x00007f74083e0000)]
  0x00007f742c302800 JavaThread "Common-Cleaner" daemon [_thread_blocked, id=7462, stack(0x00007f74081de000,0x00007f74082df000)]
  0x00007f742c361800 JavaThread "JDWP Transport Listener: dt_socket" daemon [_thread_blocked, id=7464, stack(0x00007f74080dd000,0x00007f74081de000)]
  0x00007f742c365000 JavaThread "JDWP Event Helper Thread" daemon [_thread_blocked, id=7466, stack(0x00007f73dbcf9000,0x00007f73dbdfa000)]
  0x00007f73d4001800 JavaThread "JDWP Command Reader" daemon [_thread_in_native, id=7467, stack(0x00007f73dbbf8000,0x00007f73dbcf9000)]
  0x00007f742c72f000 JavaThread "Service Thread" daemon [_thread_blocked, id=7468, stack(0x00007f73db6ce000,0x00007f73db7cf000)]
  0x00007f742c869000 JavaThread "RMI TCP Accept-0" daemon [_thread_in_native, id=7474, stack(0x00007f73dadbf000,0x00007f73daec0000)]
  0x00007f73e4001000 JavaThread "Attach Listener" daemon [_thread_blocked, id=7484, stack(0x00007f73da2b3000,0x00007f73da3b4000)]
  0x00007f73c8002000 JavaThread "RMI TCP Connection(1)-127.0.0.1" daemon [_thread_in_native, id=7486, stack(0x00007f73da1b2000,0x00007f73da2b3000)]
  0x00007f73a8028000 JavaThread "RMI Scheduler(0)" daemon [_thread_blocked, id=7487, stack(0x00007f73d9eb1000,0x00007f73d9fb2000)]
  0x00007f742d645800 JavaThread "Catalina-utility-1" [_thread_blocked, id=7500, stack(0x00007f73da3b4000,0x00007f73da4b5000)]
  0x00007f73b0325800 JavaThread "Catalina-utility-2" [_thread_blocked, id=7501, stack(0x00007f73d9db0000,0x00007f73d9eb1000)]
  0x00007f742d64a800 JavaThread "container-0" [_thread_blocked, id=7502, stack(0x00007f73d88af000,0x00007f73d89b0000)]
  0x00007f742d237000 JavaThread "PostgreSQL-JDBC-SharedTimer-1" daemon [_thread_blocked, id=7503, stack(0x00007f73d87ae000,0x00007f73d88af000)]
  0x00007f742d252000 JavaThread "HikariPool-1 housekeeper" daemon [_thread_blocked, id=7504, stack(0x00007f73d86ad000,0x00007f73d87ae000)]
  0x00007f738c001800 JavaThread "HikariPool-1 connection adder" daemon [_thread_blocked, id=7505, stack(0x00007f73d81ac000,0x00007f73d82ad000)]

Other Threads:
=>0x00007f742c247800 VMThread "VM Thread" [stack: 0x00007f7408a5e000,0x00007f7408b5e000] [id=7452]
  0x00007f742c870800 WatcherThread [stack: 0x00007f73dacbf000,0x00007f73dadbf000] [id=7475]
  0x00007f742c02b000 GCTaskThread "GC Thread#0" [stack: 0x00007f74303e4000,0x00007f74304e4000] [id=7443]
  0x00007f73f8001000 GCTaskThread "GC Thread#1" [stack: 0x00007f73da9bd000,0x00007f73daabd000] [id=7476]
  0x00007f73f8003000 GCTaskThread "GC Thread#2" [stack: 0x00007f73da8bb000,0x00007f73da9bb000] [id=7477]
  0x00007f73f8004800 GCTaskThread "GC Thread#3" [stack: 0x00007f73da7b9000,0x00007f73da8b9000] [id=7478]
  0x00007f742c088800 ConcurrentGCThread "G1 Main Marker" [stack: 0x00007f740baeb000,0x00007f740bbeb000] [id=7445]
  0x00007f742c08a800 ConcurrentGCThread "G1 Conc#0" [stack: 0x00007f740b9e9000,0x00007f740bae9000] [id=7447]
  0x00007f742c179800 ConcurrentGCThread "G1 Refine#0" [stack: 0x00007f74094e3000,0x00007f74095e3000] [id=7450]
  0x00007f7400001000 ConcurrentGCThread "G1 Refine#1" [stack: 0x00007f73da6b7000,0x00007f73da7b7000] [id=7479]
  0x00007f742c17b800 ConcurrentGCThread "G1 Young RemSet Sampling" [stack: 0x00007f74093e1000,0x00007f74094e1000] [id=7451]

Threads with active compile tasks:

VM state:at safepoint (normal execution)

VM Mutex/Monitor currently owned by a thread:  ([mutex/lock_event])
[0x00007f742c012490] Threads_lock - owner thread: 0x00007f742c247800

Heap address: 0x0000000707600000, size: 3978 MB, Compressed Oops mode: Zero based, Oop shift amount: 3
Narrow klass base: 0x0000000800000000, Narrow klass shift: 0
Compressed class space size: 1073741824 Address: 0x0000000800000000

Heap:
 garbage-first heap   total 307200K, used 77396K [0x0000000707600000, 0x0000000800000000)
  region size 1024K, 71 young (72704K), 22 survivors (22528K)
 Metaspace       used 58707K, capacity 60172K, committed 60208K, reserved 1101824K
  class space    used 7696K, capacity 8307K, committed 8320K, reserved 1048576K
Heap Regions: E=young(eden), S=young(survivor), O=old, HS=humongous(starts), HC=humongous(continues), CS=collection set, F=free, A=archive, TAMS=top-at-mark-start (previous, next)
|   0|0x0000000707600000, 0x0000000707700000, 0x0000000707700000|100%|HS|  |TAMS 0x0000000707700000, 0x0000000707600000| Complete 
|   1|0x0000000707700000, 0x0000000707800000, 0x0000000707800000|100%| O|  |TAMS 0x0000000707800000, 0x0000000707700000| Untracked 
|   2|0x0000000707800000, 0x0000000707900000, 0x0000000707900000|100%| O|  |TAMS 0x0000000707900000, 0x0000000707800000| Untracked 
|   3|0x0000000707900000, 0x0000000707a00000, 0x0000000707a00000|100%| O|  |TAMS 0x0000000707a00000, 0x0000000707900000| Untracked 
|   4|0x0000000707a00000, 0x0000000707b00000, 0x0000000707b00000|100%| O|  |TAMS 0x0000000707b00000, 0x0000000707a00000| Untracked 
|   5|0x0000000707b00000, 0x0000000707c00000, 0x0000000707c00000|100%| O|  |TAMS 0x0000000707c00000, 0x0000000707b00000| Untracked 
|   6|0x0000000707c00000, 0x0000000707c18e00, 0x0000000707d00000|  9%| O|  |TAMS 0x0000000707c18e00, 0x0000000707c00000| Untracked 
|   7|0x0000000707d00000, 0x0000000707d00000, 0x0000000707e00000|  0%| F|  |TAMS 0x0000000707d00000, 0x0000000707d00000| Untracked 
|   8|0x0000000707e00000, 0x0000000707e00000, 0x0000000707f00000|  0%| F|  |TAMS 0x0000000707e00000, 0x0000000707e00000| Untracked 
|   9|0x0000000707f00000, 0x0000000707f00000, 0x0000000708000000|  0%| F|  |TAMS 0x0000000707f00000, 0x0000000707f00000| Untracked 
|  10|0x0000000708000000, 0x0000000708000000, 0x0000000708100000|  0%| F|  |TAMS 0x0000000708000000, 0x0000000708000000| Untracked 
|  11|0x0000000708100000, 0x0000000708100000, 0x0000000708200000|  0%| F|  |TAMS 0x0000000708100000, 0x0000000708100000| Untracked 
|  12|0x0000000708200000, 0x0000000708200000, 0x0000000708300000|  0%| F|  |TAMS 0x0000000708200000, 0x0000000708200000| Untracked 
|  13|0x0000000708300000, 0x0000000708300000, 0x0000000708400000|  0%| F|  |TAMS 0x0000000708300000, 0x0000000708300000| Untracked 
|  14|0x0000000708400000, 0x0000000708400000, 0x0000000708500000|  0%| F|  |TAMS 0x0000000708400000, 0x0000000708400000| Untracked 
|  15|0x0000000708500000, 0x0000000708500000, 0x0000000708600000|  0%| F|  |TAMS 0x0000000708500000, 0x0000000708500000| Untracked 
|  16|0x0000000708600000, 0x0000000708600000, 0x0000000708700000|  0%| F|  |TAMS 0x0000000708600000, 0x0000000708600000| Untracked 
|  17|0x0000000708700000, 0x0000000708700000, 0x0000000708800000|  0%| F|  |TAMS 0x0000000708700000, 0x0000000708700000| Untracked 
|  18|0x0000000708800000, 0x0000000708800000, 0x0000000708900000|  0%| F|  |TAMS 0x0000000708800000, 0x0000000708800000| Untracked 
|  19|0x0000000708900000, 0x0000000708900000, 0x0000000708a00000|  0%| F|  |TAMS 0x0000000708900000, 0x0000000708900000| Untracked 
|  20|0x0000000708a00000, 0x0000000708a00000, 0x0000000708b00000|  0%| F|  |TAMS 0x0000000708a00000, 0x0000000708a00000| Untracked 
|  21|0x0000000708b00000, 0x0000000708b00000, 0x0000000708c00000|  0%| F|  |TAMS 0x0000000708b00000, 0x0000000708b00000| Untracked 
|  22|0x0000000708c00000, 0x0000000708c00000, 0x0000000708d00000|  0%| F|  |TAMS 0x0000000708c00000, 0x0000000708c00000| Untracked 
|  23|0x0000000708d00000, 0x0000000708d00000, 0x0000000708e00000|  0%| F|  |TAMS 0x0000000708d00000, 0x0000000708d00000| Untracked 
|  24|0x0000000708e00000, 0x0000000708e00000, 0x0000000708f00000|  0%| F|  |TAMS 0x0000000708e00000, 0x0000000708e00000| Untracked 
|  25|0x0000000708f00000, 0x0000000708f00000, 0x0000000709000000|  0%| F|  |TAMS 0x0000000708f00000, 0x0000000708f00000| Untracked 
|  26|0x0000000709000000, 0x0000000709000000, 0x0000000709100000|  0%| F|  |TAMS 0x0000000709000000, 0x0000000709000000| Untracked 
|  27|0x0000000709100000, 0x0000000709100000, 0x0000000709200000|  0%| F|  |TAMS 0x0000000709100000, 0x0000000709100000| Untracked 
|  28|0x0000000709200000, 0x0000000709200000, 0x0000000709300000|  0%| F|  |TAMS 0x0000000709200000, 0x0000000709200000| Untracked 
|  29|0x0000000709300000, 0x0000000709300000, 0x0000000709400000|  0%| F|  |TAMS 0x0000000709300000, 0x0000000709300000| Untracked 
|  30|0x0000000709400000, 0x0000000709400000, 0x0000000709500000|  0%| F|  |TAMS 0x0000000709400000, 0x0000000709400000| Untracked 
|  31|0x0000000709500000, 0x0000000709500000, 0x0000000709600000|  0%| F|  |TAMS 0x0000000709500000, 0x0000000709500000| Untracked 
|  32|0x0000000709600000, 0x0000000709600000, 0x0000000709700000|  0%| F|  |TAMS 0x0000000709600000, 0x0000000709600000| Untracked 
|  33|0x0000000709700000, 0x0000000709700000, 0x0000000709800000|  0%| F|  |TAMS 0x0000000709700000, 0x0000000709700000| Untracked 
|  34|0x0000000709800000, 0x0000000709800000, 0x0000000709900000|  0%| F|  |TAMS 0x0000000709800000, 0x0000000709800000| Untracked 
|  35|0x0000000709900000, 0x0000000709900000, 0x0000000709a00000|  0%| F|  |TAMS 0x0000000709900000, 0x0000000709900000| Untracked 
|  36|0x0000000709a00000, 0x0000000709a00000, 0x0000000709b00000|  0%| F|  |TAMS 0x0000000709a00000, 0x0000000709a00000| Untracked 
|  37|0x0000000709b00000, 0x0000000709b00000, 0x0000000709c00000|  0%| F|  |TAMS 0x0000000709b00000, 0x0000000709b00000| Untracked 
|  38|0x0000000709c00000, 0x0000000709c00000, 0x0000000709d00000|  0%| F|  |TAMS 0x0000000709c00000, 0x0000000709c00000| Untracked 
|  39|0x0000000709d00000, 0x0000000709d00000, 0x0000000709e00000|  0%| F|  |TAMS 0x0000000709d00000, 0x0000000709d00000| Untracked 
|  40|0x0000000709e00000, 0x0000000709e00000, 0x0000000709f00000|  0%| F|  |TAMS 0x0000000709e00000, 0x0000000709e00000| Untracked 
|  41|0x0000000709f00000, 0x0000000709f00000, 0x000000070a000000|  0%| F|  |TAMS 0x0000000709f00000, 0x0000000709f00000| Untracked 
|  42|0x000000070a000000, 0x000000070a000000, 0x000000070a100000|  0%| F|  |TAMS 0x000000070a000000, 0x000000070a000000| Untracked 
|  43|0x000000070a100000, 0x000000070a100000, 0x000000070a200000|  0%| F|  |TAMS 0x000000070a100000, 0x000000070a100000| Untracked 
|  44|0x000000070a200000, 0x000000070a200000, 0x000000070a300000|  0%| F|  |TAMS 0x000000070a200000, 0x000000070a200000| Untracked 
|  45|0x000000070a300000, 0x000000070a300000, 0x000000070a400000|  0%| F|  |TAMS 0x000000070a300000, 0x000000070a300000| Untracked 
|  46|0x000000070a400000, 0x000000070a400000, 0x000000070a500000|  0%| F|  |TAMS 0x000000070a400000, 0x000000070a400000| Untracked 
|  47|0x000000070a500000, 0x000000070a500000, 0x000000070a600000|  0%| F|  |TAMS 0x000000070a500000, 0x000000070a500000| Untracked 
|  48|0x000000070a600000, 0x000000070a600000, 0x000000070a700000|  0%| F|  |TAMS 0x000000070a600000, 0x000000070a600000| Untracked 
|  49|0x000000070a700000, 0x000000070a700000, 0x000000070a800000|  0%| F|  |TAMS 0x000000070a700000, 0x000000070a700000| Untracked 
|  50|0x000000070a800000, 0x000000070a800000, 0x000000070a900000|  0%| F|  |TAMS 0x000000070a800000, 0x000000070a800000| Untracked 
|  51|0x000000070a900000, 0x000000070a900000, 0x000000070aa00000|  0%| F|  |TAMS 0x000000070a900000, 0x000000070a900000| Untracked 
|  52|0x000000070aa00000, 0x000000070aa00000, 0x000000070ab00000|  0%| F|  |TAMS 0x000000070aa00000, 0x000000070aa00000| Untracked 
|  53|0x000000070ab00000, 0x000000070ab00000, 0x000000070ac00000|  0%| F|  |TAMS 0x000000070ab00000, 0x000000070ab00000| Untracked 
|  54|0x000000070ac00000, 0x000000070ac00000, 0x000000070ad00000|  0%| F|  |TAMS 0x000000070ac00000, 0x000000070ac00000| Untracked 
|  55|0x000000070ad00000, 0x000000070ad00000, 0x000000070ae00000|  0%| F|  |TAMS 0x000000070ad00000, 0x000000070ad00000| Untracked 
|  56|0x000000070ae00000, 0x000000070ae00000, 0x000000070af00000|  0%| F|  |TAMS 0x000000070ae00000, 0x000000070ae00000| Untracked 
|  57|0x000000070af00000, 0x000000070af00000, 0x000000070b000000|  0%| F|  |TAMS 0x000000070af00000, 0x000000070af00000| Untracked 
|  58|0x000000070b000000, 0x000000070b000000, 0x000000070b100000|  0%| F|  |TAMS 0x000000070b000000, 0x000000070b000000| Untracked 
|  59|0x000000070b100000, 0x000000070b100000, 0x000000070b200000|  0%| F|  |TAMS 0x000000070b100000, 0x000000070b100000| Untracked 
|  60|0x000000070b200000, 0x000000070b200000, 0x000000070b300000|  0%| F|  |TAMS 0x000000070b200000, 0x000000070b200000| Untracked 
|  61|0x000000070b300000, 0x000000070b300000, 0x000000070b400000|  0%| F|  |TAMS 0x000000070b300000, 0x000000070b300000| Untracked 
|  62|0x000000070b400000, 0x000000070b400000, 0x000000070b500000|  0%| F|  |TAMS 0x000000070b400000, 0x000000070b400000| Untracked 
|  63|0x000000070b500000, 0x000000070b500000, 0x000000070b600000|  0%| F|  |TAMS 0x000000070b500000, 0x000000070b500000| Untracked 
|  64|0x000000070b600000, 0x000000070b600000, 0x000000070b700000|  0%| F|  |TAMS 0x000000070b600000, 0x000000070b600000| Untracked 
|  65|0x000000070b700000, 0x000000070b700000, 0x000000070b800000|  0%| F|  |TAMS 0x000000070b700000, 0x000000070b700000| Untracked 
|  66|0x000000070b800000, 0x000000070b800000, 0x000000070b900000|  0%| F|  |TAMS 0x000000070b800000, 0x000000070b800000| Untracked 
|  67|0x000000070b900000, 0x000000070b900000, 0x000000070ba00000|  0%| F|  |TAMS 0x000000070b900000, 0x000000070b900000| Untracked 
|  68|0x000000070ba00000, 0x000000070ba00000, 0x000000070bb00000|  0%| F|  |TAMS 0x000000070ba00000, 0x000000070ba00000| Untracked 
|  69|0x000000070bb00000, 0x000000070bb00000, 0x000000070bc00000|  0%| F|  |TAMS 0x000000070bb00000, 0x000000070bb00000| Untracked 
|  70|0x000000070bc00000, 0x000000070bc00000, 0x000000070bd00000|  0%| F|  |TAMS 0x000000070bc00000, 0x000000070bc00000| Untracked 
|  71|0x000000070bd00000, 0x000000070bd00000, 0x000000070be00000|  0%| F|  |TAMS 0x000000070bd00000, 0x000000070bd00000| Untracked 
|  72|0x000000070be00000, 0x000000070be00000, 0x000000070bf00000|  0%| F|  |TAMS 0x000000070be00000, 0x000000070be00000| Untracked 
|  73|0x000000070bf00000, 0x000000070bf00000, 0x000000070c000000|  0%| F|  |TAMS 0x000000070bf00000, 0x000000070bf00000| Untracked 
|  74|0x000000070c000000, 0x000000070c000000, 0x000000070c100000|  0%| F|  |TAMS 0x000000070c000000, 0x000000070c000000| Untracked 
|  75|0x000000070c100000, 0x000000070c100000, 0x000000070c200000|  0%| F|  |TAMS 0x000000070c100000, 0x000000070c100000| Untracked 
|  76|0x000000070c200000, 0x000000070c200000, 0x000000070c300000|  0%| F|  |TAMS 0x000000070c200000, 0x000000070c200000| Untracked 
|  77|0x000000070c300000, 0x000000070c300000, 0x000000070c400000|  0%| F|  |TAMS 0x000000070c300000, 0x000000070c300000| Untracked 
|  78|0x000000070c400000, 0x000000070c400000, 0x000000070c500000|  0%| F|  |TAMS 0x000000070c400000, 0x000000070c400000| Untracked 
|  79|0x000000070c500000, 0x000000070c500000, 0x000000070c600000|  0%| F|  |TAMS 0x000000070c500000, 0x000000070c500000| Untracked 
|  80|0x000000070c600000, 0x000000070c600000, 0x000000070c700000|  0%| F|  |TAMS 0x000000070c600000, 0x000000070c600000| Untracked 
|  81|0x000000070c700000, 0x000000070c700000, 0x000000070c800000|  0%| F|  |TAMS 0x000000070c700000, 0x000000070c700000| Untracked 
|  82|0x000000070c800000, 0x000000070c800000, 0x000000070c900000|  0%| F|  |TAMS 0x000000070c800000, 0x000000070c800000| Untracked 
|  83|0x000000070c900000, 0x000000070c900000, 0x000000070ca00000|  0%| F|  |TAMS 0x000000070c900000, 0x000000070c900000| Untracked 
|  84|0x000000070ca00000, 0x000000070ca00000, 0x000000070cb00000|  0%| F|  |TAMS 0x000000070ca00000, 0x000000070ca00000| Untracked 
|  85|0x000000070cb00000, 0x000000070cb00000, 0x000000070cc00000|  0%| F|  |TAMS 0x000000070cb00000, 0x000000070cb00000| Untracked 
|  86|0x000000070cc00000, 0x000000070cc00000, 0x000000070cd00000|  0%| F|  |TAMS 0x000000070cc00000, 0x000000070cc00000| Untracked 
|  87|0x000000070cd00000, 0x000000070cd00000, 0x000000070ce00000|  0%| F|  |TAMS 0x000000070cd00000, 0x000000070cd00000| Untracked 
|  88|0x000000070ce00000, 0x000000070ce00000, 0x000000070cf00000|  0%| F|  |TAMS 0x000000070ce00000, 0x000000070ce00000| Untracked 
|  89|0x000000070cf00000, 0x000000070cf00000, 0x000000070d000000|  0%| F|  |TAMS 0x000000070cf00000, 0x000000070cf00000| Untracked 
|  90|0x000000070d000000, 0x000000070d000000, 0x000000070d100000|  0%| F|  |TAMS 0x000000070d000000, 0x000000070d000000| Untracked 
|  91|0x000000070d100000, 0x000000070d100000, 0x000000070d200000|  0%| F|  |TAMS 0x000000070d100000, 0x000000070d100000| Untracked 
|  92|0x000000070d200000, 0x000000070d200000, 0x000000070d300000|  0%| F|  |TAMS 0x000000070d200000, 0x000000070d200000| Untracked 
|  93|0x000000070d300000, 0x000000070d300000, 0x000000070d400000|  0%| F|  |TAMS 0x000000070d300000, 0x000000070d300000| Untracked 
|  94|0x000000070d400000, 0x000000070d400000, 0x000000070d500000|  0%| F|  |TAMS 0x000000070d400000, 0x000000070d400000| Untracked 
|  95|0x000000070d500000, 0x000000070d500000, 0x000000070d600000|  0%| F|  |TAMS 0x000000070d500000, 0x000000070d500000| Untracked 
|  96|0x000000070d600000, 0x000000070d600000, 0x000000070d700000|  0%| F|  |TAMS 0x000000070d600000, 0x000000070d600000| Untracked 
|  97|0x000000070d700000, 0x000000070d700000, 0x000000070d800000|  0%| F|  |TAMS 0x000000070d700000, 0x000000070d700000| Untracked 
|  98|0x000000070d800000, 0x000000070d87c2a0, 0x000000070d900000| 48%| S|CS|TAMS 0x000000070d800000, 0x000000070d800000| Complete 
|  99|0x000000070d900000, 0x000000070da00000, 0x000000070da00000|100%| S|CS|TAMS 0x000000070d900000, 0x000000070d900000| Complete 
| 100|0x000000070da00000, 0x000000070db00000, 0x000000070db00000|100%| S|CS|TAMS 0x000000070da00000, 0x000000070da00000| Complete 
| 101|0x000000070db00000, 0x000000070dc00000, 0x000000070dc00000|100%| S|CS|TAMS 0x000000070db00000, 0x000000070db00000| Complete 
| 102|0x000000070dc00000, 0x000000070dd00000, 0x000000070dd00000|100%| S|CS|TAMS 0x000000070dc00000, 0x000000070dc00000| Complete 
| 103|0x000000070dd00000, 0x000000070de00000, 0x000000070de00000|100%| S|CS|TAMS 0x000000070dd00000, 0x000000070dd00000| Complete 
| 104|0x000000070de00000, 0x000000070df00000, 0x000000070df00000|100%| S|CS|TAMS 0x000000070de00000, 0x000000070de00000| Complete 
| 105|0x000000070df00000, 0x000000070e000000, 0x000000070e000000|100%| S|CS|TAMS 0x000000070df00000, 0x000000070df00000| Complete 
| 106|0x000000070e000000, 0x000000070e100000, 0x000000070e100000|100%| S|CS|TAMS 0x000000070e000000, 0x000000070e000000| Complete 
| 107|0x000000070e100000, 0x000000070e200000, 0x000000070e200000|100%| S|CS|TAMS 0x000000070e100000, 0x000000070e100000| Complete 
| 108|0x000000070e200000, 0x000000070e300000, 0x000000070e300000|100%| S|CS|TAMS 0x000000070e200000, 0x000000070e200000| Complete 
| 109|0x000000070e300000, 0x000000070e400000, 0x000000070e400000|100%| S|CS|TAMS 0x000000070e300000, 0x000000070e300000| Complete 
| 110|0x000000070e400000, 0x000000070e500000, 0x000000070e500000|100%| S|CS|TAMS 0x000000070e400000, 0x000000070e400000| Complete 
| 111|0x000000070e500000, 0x000000070e600000, 0x000000070e600000|100%| S|CS|TAMS 0x000000070e500000, 0x000000070e500000| Complete 
| 112|0x000000070e600000, 0x000000070e700000, 0x000000070e700000|100%| S|CS|TAMS 0x000000070e600000, 0x000000070e600000| Complete 
| 113|0x000000070e700000, 0x000000070e800000, 0x000000070e800000|100%| S|CS|TAMS 0x000000070e700000, 0x000000070e700000| Complete 
| 114|0x000000070e800000, 0x000000070e900000, 0x000000070e900000|100%| S|CS|TAMS 0x000000070e800000, 0x000000070e800000| Complete 
| 115|0x000000070e900000, 0x000000070ea00000, 0x000000070ea00000|100%| S|CS|TAMS 0x000000070e900000, 0x000000070e900000| Complete 
| 116|0x000000070ea00000, 0x000000070eb00000, 0x000000070eb00000|100%| S|CS|TAMS 0x000000070ea00000, 0x000000070ea00000| Complete 
| 117|0x000000070eb00000, 0x000000070ec00000, 0x000000070ec00000|100%| S|CS|TAMS 0x000000070eb00000, 0x000000070eb00000| Complete 
| 118|0x000000070ec00000, 0x000000070ed00000, 0x000000070ed00000|100%| S|CS|TAMS 0x000000070ec00000, 0x000000070ec00000| Complete 
| 119|0x000000070ed00000, 0x000000070ee00000, 0x000000070ee00000|100%| S|CS|TAMS 0x000000070ed00000, 0x000000070ed00000| Complete 
| 120|0x000000070ee00000, 0x000000070ee00000, 0x000000070ef00000|  0%| F|  |TAMS 0x000000070ee00000, 0x000000070ee00000| Untracked 
| 121|0x000000070ef00000, 0x000000070ef00000, 0x000000070f000000|  0%| F|  |TAMS 0x000000070ef00000, 0x000000070ef00000| Untracked 
| 122|0x000000070f000000, 0x000000070f000000, 0x000000070f100000|  0%| F|  |TAMS 0x000000070f000000, 0x000000070f000000| Untracked 
| 123|0x000000070f100000, 0x000000070f100000, 0x000000070f200000|  0%| F|  |TAMS 0x000000070f100000, 0x000000070f100000| Untracked 
| 124|0x000000070f200000, 0x000000070f200000, 0x000000070f300000|  0%| F|  |TAMS 0x000000070f200000, 0x000000070f200000| Untracked 
| 125|0x000000070f300000, 0x000000070f300000, 0x000000070f400000|  0%| F|  |TAMS 0x000000070f300000, 0x000000070f300000| Untracked 
| 126|0x000000070f400000, 0x000000070f400000, 0x000000070f500000|  0%| F|  |TAMS 0x000000070f400000, 0x000000070f400000| Untracked 
| 127|0x000000070f500000, 0x000000070f500000, 0x000000070f600000|  0%| F|  |TAMS 0x000000070f500000, 0x000000070f500000| Untracked 
| 128|0x000000070f600000, 0x000000070f600000, 0x000000070f700000|  0%| F|  |TAMS 0x000000070f600000, 0x000000070f600000| Untracked 
| 129|0x000000070f700000, 0x000000070f700000, 0x000000070f800000|  0%| F|  |TAMS 0x000000070f700000, 0x000000070f700000| Untracked 
| 130|0x000000070f800000, 0x000000070f800000, 0x000000070f900000|  0%| F|  |TAMS 0x000000070f800000, 0x000000070f800000| Untracked 
| 131|0x000000070f900000, 0x000000070f900000, 0x000000070fa00000|  0%| F|  |TAMS 0x000000070f900000, 0x000000070f900000| Untracked 
| 132|0x000000070fa00000, 0x000000070fa00000, 0x000000070fb00000|  0%| F|  |TAMS 0x000000070fa00000, 0x000000070fa00000| Untracked 
| 133|0x000000070fb00000, 0x000000070fb00000, 0x000000070fc00000|  0%| F|  |TAMS 0x000000070fb00000, 0x000000070fb00000| Untracked 
| 134|0x000000070fc00000, 0x000000070fc00000, 0x000000070fd00000|  0%| F|  |TAMS 0x000000070fc00000, 0x000000070fc00000| Untracked 
| 135|0x000000070fd00000, 0x000000070fd00000, 0x000000070fe00000|  0%| F|  |TAMS 0x000000070fd00000, 0x000000070fd00000| Untracked 
| 136|0x000000070fe00000, 0x000000070fe00000, 0x000000070ff00000|  0%| F|  |TAMS 0x000000070fe00000, 0x000000070fe00000| Untracked 
| 137|0x000000070ff00000, 0x000000070ff00000, 0x0000000710000000|  0%| F|  |TAMS 0x000000070ff00000, 0x000000070ff00000| Untracked 
| 138|0x0000000710000000, 0x0000000710000000, 0x0000000710100000|  0%| F|  |TAMS 0x0000000710000000, 0x0000000710000000| Untracked 
| 139|0x0000000710100000, 0x0000000710100000, 0x0000000710200000|  0%| F|  |TAMS 0x0000000710100000, 0x0000000710100000| Untracked 
| 140|0x0000000710200000, 0x0000000710200000, 0x0000000710300000|  0%| F|  |TAMS 0x0000000710200000, 0x0000000710200000| Untracked 
| 141|0x0000000710300000, 0x0000000710300000, 0x0000000710400000|  0%| F|  |TAMS 0x0000000710300000, 0x0000000710300000| Untracked 
| 142|0x0000000710400000, 0x0000000710400000, 0x0000000710500000|  0%| F|  |TAMS 0x0000000710400000, 0x0000000710400000| Untracked 
| 143|0x0000000710500000, 0x0000000710500000, 0x0000000710600000|  0%| F|  |TAMS 0x0000000710500000, 0x0000000710500000| Untracked 
| 144|0x0000000710600000, 0x0000000710600000, 0x0000000710700000|  0%| F|  |TAMS 0x0000000710600000, 0x0000000710600000| Untracked 
| 145|0x0000000710700000, 0x0000000710700000, 0x0000000710800000|  0%| F|  |TAMS 0x0000000710700000, 0x0000000710700000| Untracked 
| 146|0x0000000710800000, 0x0000000710800000, 0x0000000710900000|  0%| F|  |TAMS 0x0000000710800000, 0x0000000710800000| Untracked 
| 147|0x0000000710900000, 0x0000000710900000, 0x0000000710a00000|  0%| F|  |TAMS 0x0000000710900000, 0x0000000710900000| Untracked 
| 148|0x0000000710a00000, 0x0000000710a00000, 0x0000000710b00000|  0%| F|  |TAMS 0x0000000710a00000, 0x0000000710a00000| Untracked 
| 149|0x0000000710b00000, 0x0000000710b00000, 0x0000000710c00000|  0%| F|  |TAMS 0x0000000710b00000, 0x0000000710b00000| Untracked 
| 150|0x0000000710c00000, 0x0000000710c00000, 0x0000000710d00000|  0%| F|  |TAMS 0x0000000710c00000, 0x0000000710c00000| Untracked 
| 151|0x0000000710d00000, 0x0000000710d00000, 0x0000000710e00000|  0%| F|  |TAMS 0x0000000710d00000, 0x0000000710d00000| Untracked 
| 152|0x0000000710e00000, 0x0000000710e00000, 0x0000000710f00000|  0%| F|  |TAMS 0x0000000710e00000, 0x0000000710e00000| Untracked 
| 153|0x0000000710f00000, 0x0000000710f00000, 0x0000000711000000|  0%| F|  |TAMS 0x0000000710f00000, 0x0000000710f00000| Untracked 
| 154|0x0000000711000000, 0x0000000711000000, 0x0000000711100000|  0%| F|  |TAMS 0x0000000711000000, 0x0000000711000000| Untracked 
| 155|0x0000000711100000, 0x0000000711100000, 0x0000000711200000|  0%| F|  |TAMS 0x0000000711100000, 0x0000000711100000| Untracked 
| 156|0x0000000711200000, 0x0000000711200000, 0x0000000711300000|  0%| F|  |TAMS 0x0000000711200000, 0x0000000711200000| Untracked 
| 157|0x0000000711300000, 0x0000000711300000, 0x0000000711400000|  0%| F|  |TAMS 0x0000000711300000, 0x0000000711300000| Untracked 
| 158|0x0000000711400000, 0x0000000711400000, 0x0000000711500000|  0%| F|  |TAMS 0x0000000711400000, 0x0000000711400000| Untracked 
| 159|0x0000000711500000, 0x0000000711500000, 0x0000000711600000|  0%| F|  |TAMS 0x0000000711500000, 0x0000000711500000| Untracked 
| 160|0x0000000711600000, 0x0000000711600000, 0x0000000711700000|  0%| F|  |TAMS 0x0000000711600000, 0x0000000711600000| Untracked 
| 161|0x0000000711700000, 0x0000000711700000, 0x0000000711800000|  0%| F|  |TAMS 0x0000000711700000, 0x0000000711700000| Untracked 
| 162|0x0000000711800000, 0x0000000711800000, 0x0000000711900000|  0%| F|  |TAMS 0x0000000711800000, 0x0000000711800000| Untracked 
| 163|0x0000000711900000, 0x0000000711900000, 0x0000000711a00000|  0%| F|  |TAMS 0x0000000711900000, 0x0000000711900000| Untracked 
| 164|0x0000000711a00000, 0x0000000711a00000, 0x0000000711b00000|  0%| F|  |TAMS 0x0000000711a00000, 0x0000000711a00000| Untracked 
| 165|0x0000000711b00000, 0x0000000711b00000, 0x0000000711c00000|  0%| F|  |TAMS 0x0000000711b00000, 0x0000000711b00000| Untracked 
| 166|0x0000000711c00000, 0x0000000711c00000, 0x0000000711d00000|  0%| F|  |TAMS 0x0000000711c00000, 0x0000000711c00000| Untracked 
| 167|0x0000000711d00000, 0x0000000711d00000, 0x0000000711e00000|  0%| F|  |TAMS 0x0000000711d00000, 0x0000000711d00000| Untracked 
| 168|0x0000000711e00000, 0x0000000711e00000, 0x0000000711f00000|  0%| F|  |TAMS 0x0000000711e00000, 0x0000000711e00000| Untracked 
| 169|0x0000000711f00000, 0x0000000711f00000, 0x0000000712000000|  0%| F|  |TAMS 0x0000000711f00000, 0x0000000711f00000| Untracked 
| 170|0x0000000712000000, 0x0000000712000000, 0x0000000712100000|  0%| F|  |TAMS 0x0000000712000000, 0x0000000712000000| Untracked 
| 171|0x0000000712100000, 0x0000000712100000, 0x0000000712200000|  0%| F|  |TAMS 0x0000000712100000, 0x0000000712100000| Untracked 
| 172|0x0000000712200000, 0x0000000712200000, 0x0000000712300000|  0%| F|  |TAMS 0x0000000712200000, 0x0000000712200000| Untracked 
| 173|0x0000000712300000, 0x0000000712300000, 0x0000000712400000|  0%| F|  |TAMS 0x0000000712300000, 0x0000000712300000| Untracked 
| 174|0x0000000712400000, 0x0000000712400000, 0x0000000712500000|  0%| F|  |TAMS 0x0000000712400000, 0x0000000712400000| Untracked 
| 175|0x0000000712500000, 0x0000000712500000, 0x0000000712600000|  0%| F|  |TAMS 0x0000000712500000, 0x0000000712500000| Untracked 
| 176|0x0000000712600000, 0x0000000712600000, 0x0000000712700000|  0%| F|  |TAMS 0x0000000712600000, 0x0000000712600000| Untracked 
| 177|0x0000000712700000, 0x0000000712700000, 0x0000000712800000|  0%| F|  |TAMS 0x0000000712700000, 0x0000000712700000| Untracked 
| 178|0x0000000712800000, 0x0000000712800000, 0x0000000712900000|  0%| F|  |TAMS 0x0000000712800000, 0x0000000712800000| Untracked 
| 179|0x0000000712900000, 0x0000000712900000, 0x0000000712a00000|  0%| F|  |TAMS 0x0000000712900000, 0x0000000712900000| Untracked 
| 180|0x0000000712a00000, 0x0000000712a00000, 0x0000000712b00000|  0%| F|  |TAMS 0x0000000712a00000, 0x0000000712a00000| Untracked 
| 181|0x0000000712b00000, 0x0000000712b00000, 0x0000000712c00000|  0%| F|  |TAMS 0x0000000712b00000, 0x0000000712b00000| Untracked 
| 182|0x0000000712c00000, 0x0000000712c00000, 0x0000000712d00000|  0%| F|  |TAMS 0x0000000712c00000, 0x0000000712c00000| Untracked 
| 183|0x0000000712d00000, 0x0000000712d00000, 0x0000000712e00000|  0%| F|  |TAMS 0x0000000712d00000, 0x0000000712d00000| Untracked 
| 184|0x0000000712e00000, 0x0000000712e00000, 0x0000000712f00000|  0%| F|  |TAMS 0x0000000712e00000, 0x0000000712e00000| Untracked 
| 185|0x0000000712f00000, 0x0000000712f00000, 0x0000000713000000|  0%| F|  |TAMS 0x0000000712f00000, 0x0000000712f00000| Untracked 
| 186|0x0000000713000000, 0x0000000713000000, 0x0000000713100000|  0%| F|  |TAMS 0x0000000713000000, 0x0000000713000000| Untracked 
| 187|0x0000000713100000, 0x0000000713100000, 0x0000000713200000|  0%| F|  |TAMS 0x0000000713100000, 0x0000000713100000| Untracked 
| 188|0x0000000713200000, 0x0000000713200000, 0x0000000713300000|  0%| F|  |TAMS 0x0000000713200000, 0x0000000713200000| Untracked 
| 189|0x0000000713300000, 0x0000000713300000, 0x0000000713400000|  0%| F|  |TAMS 0x0000000713300000, 0x0000000713300000| Untracked 
| 190|0x0000000713400000, 0x0000000713400000, 0x0000000713500000|  0%| F|  |TAMS 0x0000000713400000, 0x0000000713400000| Untracked 
| 191|0x0000000713500000, 0x0000000713500000, 0x0000000713600000|  0%| F|  |TAMS 0x0000000713500000, 0x0000000713500000| Untracked 
| 192|0x0000000713600000, 0x0000000713600000, 0x0000000713700000|  0%| F|  |TAMS 0x0000000713600000, 0x0000000713600000| Untracked 
| 193|0x0000000713700000, 0x0000000713700000, 0x0000000713800000|  0%| F|  |TAMS 0x0000000713700000, 0x0000000713700000| Untracked 
| 194|0x0000000713800000, 0x0000000713800000, 0x0000000713900000|  0%| F|  |TAMS 0x0000000713800000, 0x0000000713800000| Untracked 
| 195|0x0000000713900000, 0x0000000713900000, 0x0000000713a00000|  0%| F|  |TAMS 0x0000000713900000, 0x0000000713900000| Untracked 
| 196|0x0000000713a00000, 0x0000000713a00000, 0x0000000713b00000|  0%| F|  |TAMS 0x0000000713a00000, 0x0000000713a00000| Untracked 
| 197|0x0000000713b00000, 0x0000000713b00000, 0x0000000713c00000|  0%| F|  |TAMS 0x0000000713b00000, 0x0000000713b00000| Untracked 
| 198|0x0000000713c00000, 0x0000000713c00000, 0x0000000713d00000|  0%| F|  |TAMS 0x0000000713c00000, 0x0000000713c00000| Untracked 
| 199|0x0000000713d00000, 0x0000000713d00000, 0x0000000713e00000|  0%| F|  |TAMS 0x0000000713d00000, 0x0000000713d00000| Untracked 
| 200|0x0000000713e00000, 0x0000000713e00000, 0x0000000713f00000|  0%| F|  |TAMS 0x0000000713e00000, 0x0000000713e00000| Untracked 
| 201|0x0000000713f00000, 0x0000000713f00000, 0x0000000714000000|  0%| F|  |TAMS 0x0000000713f00000, 0x0000000713f00000| Untracked 
| 202|0x0000000714000000, 0x0000000714000000, 0x0000000714100000|  0%| F|  |TAMS 0x0000000714000000, 0x0000000714000000| Untracked 
| 203|0x0000000714100000, 0x0000000714100000, 0x0000000714200000|  0%| F|  |TAMS 0x0000000714100000, 0x0000000714100000| Untracked 
| 204|0x0000000714200000, 0x0000000714200000, 0x0000000714300000|  0%| F|  |TAMS 0x0000000714200000, 0x0000000714200000| Untracked 
| 205|0x0000000714300000, 0x0000000714300000, 0x0000000714400000|  0%| F|  |TAMS 0x0000000714300000, 0x0000000714300000| Untracked 
| 206|0x0000000714400000, 0x0000000714400000, 0x0000000714500000|  0%| F|  |TAMS 0x0000000714400000, 0x0000000714400000| Untracked 
| 207|0x0000000714500000, 0x0000000714500000, 0x0000000714600000|  0%| F|  |TAMS 0x0000000714500000, 0x0000000714500000| Untracked 
| 208|0x0000000714600000, 0x0000000714600000, 0x0000000714700000|  0%| F|  |TAMS 0x0000000714600000, 0x0000000714600000| Untracked 
| 209|0x0000000714700000, 0x0000000714700000, 0x0000000714800000|  0%| F|  |TAMS 0x0000000714700000, 0x0000000714700000| Untracked 
| 210|0x0000000714800000, 0x0000000714800000, 0x0000000714900000|  0%| F|  |TAMS 0x0000000714800000, 0x0000000714800000| Untracked 
| 211|0x0000000714900000, 0x0000000714900000, 0x0000000714a00000|  0%| F|  |TAMS 0x0000000714900000, 0x0000000714900000| Untracked 
| 212|0x0000000714a00000, 0x0000000714a00000, 0x0000000714b00000|  0%| F|  |TAMS 0x0000000714a00000, 0x0000000714a00000| Untracked 
| 213|0x0000000714b00000, 0x0000000714b00000, 0x0000000714c00000|  0%| F|  |TAMS 0x0000000714b00000, 0x0000000714b00000| Untracked 
| 214|0x0000000714c00000, 0x0000000714c00000, 0x0000000714d00000|  0%| F|  |TAMS 0x0000000714c00000, 0x0000000714c00000| Untracked 
| 215|0x0000000714d00000, 0x0000000714d00000, 0x0000000714e00000|  0%| F|  |TAMS 0x0000000714d00000, 0x0000000714d00000| Untracked 
| 216|0x0000000714e00000, 0x0000000714e00000, 0x0000000714f00000|  0%| F|  |TAMS 0x0000000714e00000, 0x0000000714e00000| Untracked 
| 217|0x0000000714f00000, 0x0000000714f00000, 0x0000000715000000|  0%| F|  |TAMS 0x0000000714f00000, 0x0000000714f00000| Untracked 
| 218|0x0000000715000000, 0x0000000715000000, 0x0000000715100000|  0%| F|  |TAMS 0x0000000715000000, 0x0000000715000000| Untracked 
| 219|0x0000000715100000, 0x0000000715100000, 0x0000000715200000|  0%| F|  |TAMS 0x0000000715100000, 0x0000000715100000| Untracked 
| 220|0x0000000715200000, 0x0000000715200000, 0x0000000715300000|  0%| F|  |TAMS 0x0000000715200000, 0x0000000715200000| Untracked 
| 221|0x0000000715300000, 0x0000000715300000, 0x0000000715400000|  0%| F|  |TAMS 0x0000000715300000, 0x0000000715300000| Untracked 
| 222|0x0000000715400000, 0x0000000715400000, 0x0000000715500000|  0%| F|  |TAMS 0x0000000715400000, 0x0000000715400000| Untracked 
| 223|0x0000000715500000, 0x0000000715500000, 0x0000000715600000|  0%| F|  |TAMS 0x0000000715500000, 0x0000000715500000| Untracked 
| 224|0x0000000715600000, 0x0000000715600000, 0x0000000715700000|  0%| F|  |TAMS 0x0000000715600000, 0x0000000715600000| Untracked 
| 225|0x0000000715700000, 0x0000000715700000, 0x0000000715800000|  0%| F|  |TAMS 0x0000000715700000, 0x0000000715700000| Untracked 
| 226|0x0000000715800000, 0x0000000715800000, 0x0000000715900000|  0%| F|  |TAMS 0x0000000715800000, 0x0000000715800000| Untracked 
| 227|0x0000000715900000, 0x0000000715900000, 0x0000000715a00000|  0%| F|  |TAMS 0x0000000715900000, 0x0000000715900000| Untracked 
| 228|0x0000000715a00000, 0x0000000715a00000, 0x0000000715b00000|  0%| F|  |TAMS 0x0000000715a00000, 0x0000000715a00000| Untracked 
| 229|0x0000000715b00000, 0x0000000715b00000, 0x0000000715c00000|  0%| F|  |TAMS 0x0000000715b00000, 0x0000000715b00000| Untracked 
| 230|0x0000000715c00000, 0x0000000715c00000, 0x0000000715d00000|  0%| F|  |TAMS 0x0000000715c00000, 0x0000000715c00000| Untracked 
| 231|0x0000000715d00000, 0x0000000715d00000, 0x0000000715e00000|  0%| F|  |TAMS 0x0000000715d00000, 0x0000000715d00000| Untracked 
| 232|0x0000000715e00000, 0x0000000715e00000, 0x0000000715f00000|  0%| F|  |TAMS 0x0000000715e00000, 0x0000000715e00000| Untracked 
| 233|0x0000000715f00000, 0x0000000715f00000, 0x0000000716000000|  0%| F|  |TAMS 0x0000000715f00000, 0x0000000715f00000| Untracked 
| 234|0x0000000716000000, 0x0000000716000000, 0x0000000716100000|  0%| F|  |TAMS 0x0000000716000000, 0x0000000716000000| Untracked 
| 235|0x0000000716100000, 0x0000000716100000, 0x0000000716200000|  0%| F|  |TAMS 0x0000000716100000, 0x0000000716100000| Untracked 
| 236|0x0000000716200000, 0x0000000716200000, 0x0000000716300000|  0%| F|  |TAMS 0x0000000716200000, 0x0000000716200000| Untracked 
| 237|0x0000000716300000, 0x0000000716300000, 0x0000000716400000|  0%| F|  |TAMS 0x0000000716300000, 0x0000000716300000| Untracked 
| 238|0x0000000716400000, 0x0000000716400000, 0x0000000716500000|  0%| F|  |TAMS 0x0000000716400000, 0x0000000716400000| Untracked 
| 239|0x0000000716500000, 0x0000000716500000, 0x0000000716600000|  0%| F|  |TAMS 0x0000000716500000, 0x0000000716500000| Untracked 
| 240|0x0000000716600000, 0x0000000716600000, 0x0000000716700000|  0%| F|  |TAMS 0x0000000716600000, 0x0000000716600000| Untracked 
| 241|0x0000000716700000, 0x0000000716700000, 0x0000000716800000|  0%| F|  |TAMS 0x0000000716700000, 0x0000000716700000| Untracked 
| 242|0x0000000716800000, 0x0000000716800000, 0x0000000716900000|  0%| F|  |TAMS 0x0000000716800000, 0x0000000716800000| Untracked 
| 243|0x0000000716900000, 0x0000000716900000, 0x0000000716a00000|  0%| F|  |TAMS 0x0000000716900000, 0x0000000716900000| Untracked 
| 244|0x0000000716a00000, 0x0000000716a00000, 0x0000000716b00000|  0%| F|  |TAMS 0x0000000716a00000, 0x0000000716a00000| Untracked 
| 245|0x0000000716b00000, 0x0000000716b00000, 0x0000000716c00000|  0%| F|  |TAMS 0x0000000716b00000, 0x0000000716b00000| Untracked 
| 246|0x0000000716c00000, 0x0000000716c00000, 0x0000000716d00000|  0%| F|  |TAMS 0x0000000716c00000, 0x0000000716c00000| Untracked 
| 247|0x0000000716d00000, 0x0000000716d00000, 0x0000000716e00000|  0%| F|  |TAMS 0x0000000716d00000, 0x0000000716d00000| Untracked 
| 248|0x0000000716e00000, 0x0000000716e00000, 0x0000000716f00000|  0%| F|  |TAMS 0x0000000716e00000, 0x0000000716e00000| Untracked 
| 249|0x0000000716f00000, 0x0000000716f00000, 0x0000000717000000|  0%| F|  |TAMS 0x0000000716f00000, 0x0000000716f00000| Untracked 
| 250|0x0000000717000000, 0x0000000717000000, 0x0000000717100000|  0%| F|  |TAMS 0x0000000717000000, 0x0000000717000000| Untracked 
| 251|0x0000000717100000, 0x0000000717200000, 0x0000000717200000|100%| E|  |TAMS 0x0000000717100000, 0x0000000717100000| Complete 
| 252|0x0000000717200000, 0x0000000717300000, 0x0000000717300000|100%| E|CS|TAMS 0x0000000717200000, 0x0000000717200000| Complete 
| 253|0x0000000717300000, 0x0000000717400000, 0x0000000717400000|100%| E|CS|TAMS 0x0000000717300000, 0x0000000717300000| Complete 
| 254|0x0000000717400000, 0x0000000717500000, 0x0000000717500000|100%| E|CS|TAMS 0x0000000717400000, 0x0000000717400000| Complete 
| 255|0x0000000717500000, 0x0000000717600000, 0x0000000717600000|100%| E|CS|TAMS 0x0000000717500000, 0x0000000717500000| Complete 
| 256|0x0000000717600000, 0x0000000717700000, 0x0000000717700000|100%| E|CS|TAMS 0x0000000717600000, 0x0000000717600000| Complete 
| 257|0x0000000717700000, 0x0000000717800000, 0x0000000717800000|100%| E|CS|TAMS 0x0000000717700000, 0x0000000717700000| Complete 
| 258|0x0000000717800000, 0x0000000717900000, 0x0000000717900000|100%| E|CS|TAMS 0x0000000717800000, 0x0000000717800000| Complete 
| 259|0x0000000717900000, 0x0000000717a00000, 0x0000000717a00000|100%| E|CS|TAMS 0x0000000717900000, 0x0000000717900000| Complete 
| 260|0x0000000717a00000, 0x0000000717b00000, 0x0000000717b00000|100%| E|CS|TAMS 0x0000000717a00000, 0x0000000717a00000| Complete 
| 261|0x0000000717b00000, 0x0000000717c00000, 0x0000000717c00000|100%| E|CS|TAMS 0x0000000717b00000, 0x0000000717b00000| Complete 
| 262|0x0000000717c00000, 0x0000000717d00000, 0x0000000717d00000|100%| E|CS|TAMS 0x0000000717c00000, 0x0000000717c00000| Complete 
| 263|0x0000000717d00000, 0x0000000717e00000, 0x0000000717e00000|100%| E|CS|TAMS 0x0000000717d00000, 0x0000000717d00000| Complete 
| 264|0x0000000717e00000, 0x0000000717f00000, 0x0000000717f00000|100%| E|CS|TAMS 0x0000000717e00000, 0x0000000717e00000| Complete 
| 265|0x0000000717f00000, 0x0000000718000000, 0x0000000718000000|100%| E|CS|TAMS 0x0000000717f00000, 0x0000000717f00000| Complete 
| 266|0x0000000718000000, 0x0000000718100000, 0x0000000718100000|100%| E|CS|TAMS 0x0000000718000000, 0x0000000718000000| Complete 
| 267|0x0000000718100000, 0x0000000718200000, 0x0000000718200000|100%| E|CS|TAMS 0x0000000718100000, 0x0000000718100000| Complete 
| 268|0x0000000718200000, 0x0000000718300000, 0x0000000718300000|100%| E|CS|TAMS 0x0000000718200000, 0x0000000718200000| Complete 
| 269|0x0000000718300000, 0x0000000718400000, 0x0000000718400000|100%| E|CS|TAMS 0x0000000718300000, 0x0000000718300000| Complete 
| 270|0x0000000718400000, 0x0000000718500000, 0x0000000718500000|100%| E|CS|TAMS 0x0000000718400000, 0x0000000718400000| Complete 
| 271|0x0000000718500000, 0x0000000718600000, 0x0000000718600000|100%| E|CS|TAMS 0x0000000718500000, 0x0000000718500000| Complete 
| 272|0x0000000718600000, 0x0000000718700000, 0x0000000718700000|100%| E|CS|TAMS 0x0000000718600000, 0x0000000718600000| Complete 
| 273|0x0000000718700000, 0x0000000718800000, 0x0000000718800000|100%| E|CS|TAMS 0x0000000718700000, 0x0000000718700000| Complete 
| 274|0x0000000718800000, 0x0000000718900000, 0x0000000718900000|100%| E|CS|TAMS 0x0000000718800000, 0x0000000718800000| Complete 
| 275|0x0000000718900000, 0x0000000718a00000, 0x0000000718a00000|100%| E|CS|TAMS 0x0000000718900000, 0x0000000718900000| Complete 
| 276|0x0000000718a00000, 0x0000000718b00000, 0x0000000718b00000|100%| E|CS|TAMS 0x0000000718a00000, 0x0000000718a00000| Complete 
| 277|0x0000000718b00000, 0x0000000718c00000, 0x0000000718c00000|100%| E|CS|TAMS 0x0000000718b00000, 0x0000000718b00000| Complete 
| 278|0x0000000718c00000, 0x0000000718d00000, 0x0000000718d00000|100%| E|CS|TAMS 0x0000000718c00000, 0x0000000718c00000| Complete 
| 279|0x0000000718d00000, 0x0000000718e00000, 0x0000000718e00000|100%| E|CS|TAMS 0x0000000718d00000, 0x0000000718d00000| Complete 
| 280|0x0000000718e00000, 0x0000000718f00000, 0x0000000718f00000|100%| E|CS|TAMS 0x0000000718e00000, 0x0000000718e00000| Complete 
| 281|0x0000000718f00000, 0x0000000719000000, 0x0000000719000000|100%| E|CS|TAMS 0x0000000718f00000, 0x0000000718f00000| Complete 
| 282|0x0000000719000000, 0x0000000719100000, 0x0000000719100000|100%| E|CS|TAMS 0x0000000719000000, 0x0000000719000000| Complete 
| 283|0x0000000719100000, 0x0000000719200000, 0x0000000719200000|100%| E|CS|TAMS 0x0000000719100000, 0x0000000719100000| Complete 
| 284|0x0000000719200000, 0x0000000719300000, 0x0000000719300000|100%| E|CS|TAMS 0x0000000719200000, 0x0000000719200000| Complete 
| 285|0x0000000719300000, 0x0000000719400000, 0x0000000719400000|100%| E|CS|TAMS 0x0000000719300000, 0x0000000719300000| Complete 
| 286|0x0000000719400000, 0x0000000719500000, 0x0000000719500000|100%| E|CS|TAMS 0x0000000719400000, 0x0000000719400000| Complete 
| 287|0x0000000719500000, 0x0000000719600000, 0x0000000719600000|100%| E|CS|TAMS 0x0000000719500000, 0x0000000719500000| Complete 
| 288|0x0000000719600000, 0x0000000719700000, 0x0000000719700000|100%| E|CS|TAMS 0x0000000719600000, 0x0000000719600000| Complete 
| 289|0x0000000719700000, 0x0000000719800000, 0x0000000719800000|100%| E|CS|TAMS 0x0000000719700000, 0x0000000719700000| Complete 
| 290|0x0000000719800000, 0x0000000719900000, 0x0000000719900000|100%| E|CS|TAMS 0x0000000719800000, 0x0000000719800000| Complete 
| 291|0x0000000719900000, 0x0000000719a00000, 0x0000000719a00000|100%| E|CS|TAMS 0x0000000719900000, 0x0000000719900000| Complete 
| 292|0x0000000719a00000, 0x0000000719b00000, 0x0000000719b00000|100%| E|CS|TAMS 0x0000000719a00000, 0x0000000719a00000| Complete 
| 293|0x0000000719b00000, 0x0000000719c00000, 0x0000000719c00000|100%| E|CS|TAMS 0x0000000719b00000, 0x0000000719b00000| Complete 
| 294|0x0000000719c00000, 0x0000000719d00000, 0x0000000719d00000|100%| E|CS|TAMS 0x0000000719c00000, 0x0000000719c00000| Complete 
| 295|0x0000000719d00000, 0x0000000719e00000, 0x0000000719e00000|100%| E|CS|TAMS 0x0000000719d00000, 0x0000000719d00000| Complete 
| 296|0x0000000719e00000, 0x0000000719f00000, 0x0000000719f00000|100%| E|CS|TAMS 0x0000000719e00000, 0x0000000719e00000| Complete 
| 297|0x0000000719f00000, 0x000000071a000000, 0x000000071a000000|100%| E|CS|TAMS 0x0000000719f00000, 0x0000000719f00000| Complete 
| 298|0x000000071a000000, 0x000000071a100000, 0x000000071a100000|100%| E|CS|TAMS 0x000000071a000000, 0x000000071a000000| Complete 
| 299|0x000000071a100000, 0x000000071a200000, 0x000000071a200000|100%| E|CS|TAMS 0x000000071a100000, 0x000000071a100000| Complete 

Card table byte_map: [0x00007f74180d8000,0x00007f741889d000] _byte_map_base: 0x00007f741489d000

Marking Bits (Prev, Next): (CMBitMap*) 0x00007f742c078368, (CMBitMap*) 0x00007f742c0783a0
 Prev Bits: [0x00007f740fa13000, 0x00007f741383b000)
 Next Bits: [0x00007f740bbeb000, 0x00007f740fa13000)

Polling page: 0x00007f7432ff3000

Metaspace:

Usage:
  Non-class:     50.65 MB capacity,    49.82 MB ( 98%) used,   670.38 KB (  1%) free+waste,   183.62 KB ( <1%) overhead. 
      Class:      8.11 MB capacity,     7.52 MB ( 93%) used,   522.78 KB (  6%) free+waste,    87.56 KB (  1%) overhead. 
       Both:     58.76 MB capacity,    57.33 MB ( 98%) used,     1.17 MB (  2%) free+waste,   271.19 KB ( <1%) overhead. 

Virtual space:
  Non-class space:       52.00 MB reserved,      50.67 MB ( 97%) committed 
      Class space:        1.00 GB reserved,       8.12 MB ( <1%) committed 
             Both:        1.05 GB reserved,      58.80 MB (  5%) committed 

Chunk freelists:
   Non-Class:  23.00 KB
       Class:  13.00 KB
        Both:  36.00 KB

CodeHeap 'non-profiled nmethods': size=238948Kb used=9376Kb max_used=9376Kb free=229571Kb
 bounds [0x00007f741980a000, 0x00007f741a13a000, 0x00007f7428163000]
CodeHeap 'non-nmethods': size=6812Kb used=1271Kb max_used=1271Kb free=5540Kb
 bounds [0x00007f7419163000, 0x00007f74193d3000, 0x00007f741980a000]
 total_blobs=5794 nmethods=5198 adapters=501
 compilation: enabled
              stopped_count=0, restarted_count=0
 full_count=0

Compilation events (10 events):
Event: 5.111 Thread 0x00007f742c291800 5209       1       org.springframework.data.repository.util.QueryExecutionConverters$WrapperType::getType (5 bytes)
Event: 5.111 Thread 0x00007f742c291800 nmethod 5209 0x00007f741a130890 code [0x00007f741a130a40, 0x00007f741a130b50]
Event: 5.112 Thread 0x00007f742c291800 5210       1       org.hibernate.internal.SessionFactoryImpl::isClosed (5 bytes)
Event: 5.112 Thread 0x00007f742c291800 nmethod 5210 0x00007f741a130c10 code [0x00007f741a130dc0, 0x00007f741a130ed0]
Event: 5.114 Thread 0x00007f742c291800 5211       1       org.springframework.beans.factory.support.AbstractAutowireCapableBeanFactory::applyBeanPostProcessorsAfterInitialization (61 bytes)
Event: 5.114 Thread 0x00007f742c291800 nmethod 5211 0x00007f741a130f90 code [0x00007f741a131180, 0x00007f741a131418]
Event: 5.114 Thread 0x00007f742c291800 5212       1       org.springframework.beans.factory.config.BeanDefinitionHolder::<init> (32 bytes)
Event: 5.115 Thread 0x00007f742c291800 nmethod 5212 0x00007f741a131590 code [0x00007f741a131780, 0x00007f741a131b78]
Event: 5.115 Thread 0x00007f742c291800 5213       1       org.springframework.web.context.support.GenericWebApplicationContext::getServletContext (5 bytes)
Event: 5.115 Thread 0x00007f742c291800 nmethod 5213 0x00007f741a131d10 code [0x00007f741a131ec0, 0x00007f741a131fd0]

GC Heap History (10 events):
Event: 1.467 GC heap before
{Heap before GC invocations=2 (full 0):
 garbage-first heap   total 256000K, used 33943K [0x0000000707600000, 0x0000000800000000)
  region size 1024K, 28 young (28672K), 2 survivors (2048K)
 Metaspace       used 18711K, capacity 19195K, committed 19456K, reserved 1067008K
  class space    used 2057K, capacity 2250K, committed 2304K, reserved 1048576K
}
Event: 1.474 GC heap after
{Heap after GC invocations=3 (full 0):
 garbage-first heap   total 256000K, used 8827K [0x0000000707600000, 0x0000000800000000)
  region size 1024K, 3 young (3072K), 3 survivors (3072K)
 Metaspace       used 18711K, capacity 19195K, committed 19456K, reserved 1067008K
  class space    used 2057K, capacity 2250K, committed 2304K, reserved 1048576K
}
Event: 1.626 GC heap before
{Heap before GC invocations=3 (full 0):
 garbage-first heap   total 256000K, used 27259K [0x0000000707600000, 0x0000000800000000)
  region size 1024K, 22 young (22528K), 3 survivors (3072K)
 Metaspace       used 20623K, capacity 21194K, committed 21296K, reserved 1069056K
  class space    used 2435K, capacity 2679K, committed 2688K, reserved 1048576K
}
Event: 1.633 GC heap after
{Heap after GC invocations=4 (full 0):
 garbage-first heap   total 256000K, used 9778K [0x0000000707600000, 0x0000000800000000)
  region size 1024K, 4 young (4096K), 4 survivors (4096K)
 Metaspace       used 20623K, capacity 21194K, committed 21296K, reserved 1069056K
  class space    used 2435K, capacity 2679K, committed 2688K, reserved 1048576K
}
Event: 2.514 GC heap before
{Heap before GC invocations=5 (full 0):
 garbage-first heap   total 256000K, used 109106K [0x0000000707600000, 0x0000000800000000)
  region size 1024K, 101 young (103424K), 4 survivors (4096K)
 Metaspace       used 29128K, capacity 29992K, committed 30128K, reserved 1075200K
  class space    used 3506K, capacity 3827K, committed 3840K, reserved 1048576K
}
Event: 2.525 GC heap after
{Heap after GC invocations=6 (full 0):
 garbage-first heap   total 307200K, used 13976K [0x0000000707600000, 0x0000000800000000)
  region size 1024K, 8 young (8192K), 8 survivors (8192K)
 Metaspace       used 29128K, capacity 29992K, committed 30128K, reserved 1075200K
  class space    used 3506K, capacity 3827K, committed 3840K, reserved 1048576K
}
Event: 3.228 GC heap before
{Heap before GC invocations=6 (full 0):
 garbage-first heap   total 307200K, used 125592K [0x0000000707600000, 0x0000000800000000)
  region size 1024K, 119 young (121856K), 8 survivors (8192K)
 Metaspace       used 34812K, capacity 35806K, committed 35888K, reserved 1081344K
  class space    used 4293K, capacity 4678K, committed 4736K, reserved 1048576K
}
Event: 3.248 GC heap after
{Heap after GC invocations=7 (full 0):
 garbage-first heap   total 307200K, used 18447K [0x0000000707600000, 0x0000000800000000)
  region size 1024K, 12 young (12288K), 12 survivors (12288K)
 Metaspace       used 34812K, capacity 35806K, committed 35888K, reserved 1081344K
  class space    used 4293K, capacity 4678K, committed 4736K, reserved 1048576K
}
Event: 4.576 GC heap before
{Heap before GC invocations=8 (full 0):
 garbage-first heap   total 307200K, used 189455K [0x0000000707600000, 0x0000000800000000)
  region size 1024K, 180 young (184320K), 12 survivors (12288K)
 Metaspace       used 53133K, capacity 54403K, committed 54576K, reserved 1095680K
  class space    used 6910K, capacity 7430K, committed 7552K, reserved 1048576K
}
Event: 4.596 GC heap after
{Heap after GC invocations=9 (full 0):
 garbage-first heap   total 307200K, used 28244K [0x0000000707600000, 0x0000000800000000)
  region size 1024K, 22 young (22528K), 22 survivors (22528K)
 Metaspace       used 53133K, capacity 54403K, committed 54576K, reserved 1095680K
  class space    used 6910K, capacity 7430K, committed 7552K, reserved 1048576K
}

Deoptimization events (0 events):
No events

Classes redefined (0 events):
No events

Internal exceptions (10 events):
Event: 5.057 Thread 0x00007f742c015800 Exception <a 'java/lang/ClassNotFoundException'{0x0000000717560668}: org/springframework/beans/factory/BeanFactoryAwareCustomizer> (0x0000000717560668) thrown at [/opt/buildAgent/work/494cbf65e275b67e/src/hotspot/share/classfile/systemDictionary.cpp, line
Event: 5.057 Thread 0x00007f742c015800 Exception <a 'java/lang/ClassNotFoundException'{0x000000071756d5b0}: org/springframework/beans/factory/AwareCustomizer> (0x000000071756d5b0) thrown at [/opt/buildAgent/work/494cbf65e275b67e/src/hotspot/share/classfile/systemDictionary.cpp, line 231]
Event: 5.093 Thread 0x00007f742c015800 Exception <a 'java/lang/ClassNotFoundException'{0x00000007173d1b18}: java/lang/ObjectCustomizer> (0x00000007173d1b18) thrown at [/opt/buildAgent/work/494cbf65e275b67e/src/hotspot/share/classfile/systemDictionary.cpp, line 231]
Event: 5.093 Thread 0x00007f742c015800 Exception <a 'java/lang/ClassNotFoundException'{0x00000007173e15f8}: br/com/projuris/profeed/entity/AuditableCustomizer> (0x00000007173e15f8) thrown at [/opt/buildAgent/work/494cbf65e275b67e/src/hotspot/share/classfile/systemDictionary.cpp, line 231]
Event: 5.093 Thread 0x00007f742c015800 Exception <a 'java/lang/ClassNotFoundException'{0x00000007173f4980}: br/com/projuris/profeed/entity/GenericEntityCustomizer> (0x00000007173f4980) thrown at [/opt/buildAgent/work/494cbf65e275b67e/src/hotspot/share/classfile/systemDictionary.cpp, line 231]
Event: 5.094 Thread 0x00007f742c015800 Exception <a 'java/lang/ClassNotFoundException'{0x0000000717205670}: br/com/projuris/profeed/entity/FeedbackCustomizer> (0x0000000717205670) thrown at [/opt/buildAgent/work/494cbf65e275b67e/src/hotspot/share/classfile/systemDictionary.cpp, line 231]
Event: 5.107 Thread 0x00007f742c015800 Exception <a 'java/lang/reflect/InvocationTargetException'{0x00000007172f4cf0}> (0x00000007172f4cf0) thrown at [/opt/buildAgent/work/494cbf65e275b67e/src/hotspot/share/runtime/reflection.cpp, line 1242]
Event: 5.109 Thread 0x00007f742c015800 Exception <a 'java/lang/reflect/InvocationTargetException'{0x0000000717104e10}> (0x0000000717104e10) thrown at [/opt/buildAgent/work/494cbf65e275b67e/src/hotspot/share/runtime/reflection.cpp, line 1242]
Event: 5.110 Thread 0x00007f742c015800 Exception <a 'java/lang/reflect/InvocationTargetException'{0x00000007171121e0}> (0x00000007171121e0) thrown at [/opt/buildAgent/work/494cbf65e275b67e/src/hotspot/share/runtime/reflection.cpp, line 1242]
Event: 5.112 Thread 0x00007f742c015800 Exception <a 'java/lang/reflect/InvocationTargetException'{0x0000000717122be0}> (0x0000000717122be0) thrown at [/opt/buildAgent/work/494cbf65e275b67e/src/hotspot/share/runtime/reflection.cpp, line 1242]

Events (10 events):
Event: 5.110 Thread 0x00007f742c015800 DEOPT UNPACKING pc=0x00007f741919bfba sp=0x00007f7431473870 mode 1
Event: 5.112 Thread 0x00007f742c015800 DEOPT PACKING pc=0x00007f7419b22a2c sp=0x00007f74314741e0
Event: 5.112 Thread 0x00007f742c015800 DEOPT UNPACKING pc=0x00007f741919bfba sp=0x00007f7431473778 mode 1
Event: 5.112 Thread 0x00007f742c015800 DEOPT PACKING pc=0x00007f7419b1e7a4 sp=0x00007f7431474310
Event: 5.112 Thread 0x00007f742c015800 DEOPT UNPACKING pc=0x00007f741919bfba sp=0x00007f74314737d0 mode 1
Event: 5.112 Thread 0x00007f742c015800 DEOPT PACKING pc=0x00007f7419b1ec04 sp=0x00007f7431474360
Event: 5.112 Thread 0x00007f742c015800 DEOPT UNPACKING pc=0x00007f741919bfba sp=0x00007f7431473870 mode 1
Event: 5.115 loading class br/com/projuris/profeed/dto/PasswordChangeDTO
Event: 5.115 loading class br/com/projuris/profeed/dto/PasswordChangeDTO done
Event: 5.118 Executing VM operation: ChangeBreakpoints


Dynamic libraries:
00400000-00401000 r-xp 00000000 fd:00 789294                             /app/extra/idea-IU/jbr/bin/java
00601000-00602000 r--p 00001000 fd:00 789294                             /app/extra/idea-IU/jbr/bin/java
00602000-00603000 rw-p 00002000 fd:00 789294                             /app/extra/idea-IU/jbr/bin/java
01370000-01391000 rw-p 00000000 00:00 0                                  [heap]
707600000-71a200000 rw-p 00000000 00:00 0 
71a200000-800000000 ---p 00000000 00:00 0 
800000000-800820000 rw-p 00000000 00:00 0 
800820000-840000000 ---p 00000000 00:00 0 
7f738c000000-7f738c021000 rw-p 00000000 00:00 0 
7f738c021000-7f7390000000 ---p 00000000 00:00 0 
7f739307c000-7f73934c0000 rw-p 00000000 00:00 0 
7f73934c0000-7f7393600000 ---p 00000000 00:00 0 
7f7393600000-7f7393800000 rw-p 00000000 00:00 0 
7f7393800000-7f7393a00000 rw-p 00000000 00:00 0 
7f7393a00000-7f7393c00000 rw-p 00000000 00:00 0 
7f7393c00000-7f7393e00000 rw-p 00000000 00:00 0 
7f7393e00000-7f7394000000 rw-p 00000000 00:00 0 
7f7394000000-7f7394021000 rw-p 00000000 00:00 0 
7f7394021000-7f7398000000 ---p 00000000 00:00 0 
7f7398000000-7f7398021000 rw-p 00000000 00:00 0 
7f7398021000-7f739c000000 ---p 00000000 00:00 0 
7f739c000000-7f739c021000 rw-p 00000000 00:00 0 
7f739c021000-7f73a0000000 ---p 00000000 00:00 0 
7f73a0000000-7f73a0021000 rw-p 00000000 00:00 0 
7f73a0021000-7f73a4000000 ---p 00000000 00:00 0 
7f73a4000000-7f73a4032000 rw-p 00000000 00:00 0 
7f73a4032000-7f73a8000000 ---p 00000000 00:00 0 
7f73a8000000-7f73a8050000 rw-p 00000000 00:00 0 
7f73a8050000-7f73ac000000 ---p 00000000 00:00 0 
7f73ac000000-7f73ac021000 rw-p 00000000 00:00 0 
7f73ac021000-7f73b0000000 ---p 00000000 00:00 0 
7f73b0000000-7f73b0373000 rw-p 00000000 00:00 0 
7f73b0373000-7f73b4000000 ---p 00000000 00:00 0 
7f73b4000000-7f73b4021000 rw-p 00000000 00:00 0 
7f73b4021000-7f73b8000000 ---p 00000000 00:00 0 
7f73b8000000-7f73b8038000 rw-p 00000000 00:00 0 
7f73b8038000-7f73bc000000 ---p 00000000 00:00 0 
7f73bc000000-7f73bc021000 rw-p 00000000 00:00 0 
7f73bc021000-7f73c0000000 ---p 00000000 00:00 0 
7f73c0000000-7f73c0021000 rw-p 00000000 00:00 0 
7f73c0021000-7f73c4000000 ---p 00000000 00:00 0 
7f73c4000000-7f73c4021000 rw-p 00000000 00:00 0 
7f73c4021000-7f73c8000000 ---p 00000000 00:00 0 
7f73c8000000-7f73c8021000 rw-p 00000000 00:00 0 
7f73c8021000-7f73cc000000 ---p 00000000 00:00 0 
7f73cc000000-7f73cc0dd000 rw-p 00000000 00:00 0 
7f73cc0dd000-7f73d0000000 ---p 00000000 00:00 0 
7f73d0000000-7f73d0021000 rw-p 00000000 00:00 0 
7f73d0021000-7f73d4000000 ---p 00000000 00:00 0 
7f73d4000000-7f73d4030000 rw-p 00000000 00:00 0 
7f73d4030000-7f73d8000000 ---p 00000000 00:00 0 
7f73d80ab000-7f73d80af000 ---p 00000000 00:00 0 
7f73d80af000-7f73d81ac000 rw-p 00000000 00:00 0 
7f73d81ac000-7f73d81b0000 ---p 00000000 00:00 0 
7f73d81b0000-7f73d84ad000 rw-p 00000000 00:00 0 
7f73d84ad000-7f73d86ad000 rw-p 00000000 00:00 0 
7f73d86ad000-7f73d86b1000 ---p 00000000 00:00 0 
7f73d86b1000-7f73d87ae000 rw-p 00000000 00:00 0 
7f73d87ae000-7f73d87b2000 ---p 00000000 00:00 0 
7f73d87b2000-7f73d88af000 rw-p 00000000 00:00 0 
7f73d88af000-7f73d88b3000 ---p 00000000 00:00 0 
7f73d88b3000-7f73d8bb0000 rw-p 00000000 00:00 0 
7f73d8bb0000-7f73d8db0000 rw-p 00000000 00:00 0 
7f73d8db0000-7f73d8fb0000 rw-p 00000000 00:00 0 
7f73d8fb0000-7f73d91b0000 rw-p 00000000 00:00 0 
7f73d91b0000-7f73d93b0000 rw-p 00000000 00:00 0 
7f73d93b0000-7f73d95b0000 rw-p 00000000 00:00 0 
7f73d95b0000-7f73d97b0000 rw-p 00000000 00:00 0 
7f73d97b0000-7f73d99b0000 rw-p 00000000 00:00 0 
7f73d99b0000-7f73d9b9c000 rw-p 00000000 00:00 0 
7f73d9b9c000-7f73d9bb0000 ---p 00000000 00:00 0 
7f73d9bb0000-7f73d9db0000 rw-p 00000000 00:00 0 
7f73d9db0000-7f73d9db4000 ---p 00000000 00:00 0 
7f73d9db4000-7f73d9eb1000 rw-p 00000000 00:00 0 
7f73d9eb1000-7f73d9eb5000 ---p 00000000 00:00 0 
7f73d9eb5000-7f73da1b2000 rw-p 00000000 00:00 0 
7f73da1b2000-7f73da1b6000 ---p 00000000 00:00 0 
7f73da1b6000-7f73da2b3000 rw-p 00000000 00:00 0 
7f73da2b3000-7f73da2b7000 ---p 00000000 00:00 0 
7f73da2b7000-7f73da3b4000 rw-p 00000000 00:00 0 
7f73da3b4000-7f73da3b8000 ---p 00000000 00:00 0 
7f73da3b8000-7f73da6b5000 rw-p 00000000 00:00 0 
7f73da6b5000-7f73da6b6000 ---p 00000000 00:00 0 
7f73da6b6000-7f73da7b7000 rw-p 00000000 00:00 0 
7f73da7b7000-7f73da7b8000 ---p 00000000 00:00 0 
7f73da7b8000-7f73da8b9000 rw-p 00000000 00:00 0 
7f73da8b9000-7f73da8ba000 ---p 00000000 00:00 0 
7f73da8ba000-7f73da9bb000 rw-p 00000000 00:00 0 
7f73da9bb000-7f73da9bc000 ---p 00000000 00:00 0 
7f73da9bc000-7f73dacbd000 rw-p 00000000 00:00 0 
7f73dacbd000-7f73dacbe000 ---p 00000000 00:00 0 
7f73dacbe000-7f73dadbf000 rw-p 00000000 00:00 0 
7f73dadbf000-7f73dadc3000 ---p 00000000 00:00 0 
7f73dadc3000-7f73daec0000 rw-p 00000000 00:00 0 
7f73daec0000-7f73daec2000 r-xp 00000000 fd:00 658029                     /app/extra/idea-IU/jbr/lib/libextnet.so
7f73daec2000-7f73db0c1000 ---p 00002000 fd:00 658029                     /app/extra/idea-IU/jbr/lib/libextnet.so
7f73db0c1000-7f73db0c2000 r--p 00001000 fd:00 658029                     /app/extra/idea-IU/jbr/lib/libextnet.so
7f73db0c2000-7f73db0c3000 rw-p 00002000 fd:00 658029                     /app/extra/idea-IU/jbr/lib/libextnet.so
7f73db0c3000-7f73db2c3000 rw-p 00000000 00:00 0 
7f73db2c3000-7f73db2c8000 r-xp 00000000 fd:00 658057                     /app/extra/idea-IU/jbr/lib/libmanagement_ext.so
7f73db2c8000-7f73db4c7000 ---p 00005000 fd:00 658057                     /app/extra/idea-IU/jbr/lib/libmanagement_ext.so
7f73db4c7000-7f73db4c8000 r--p 00004000 fd:00 658057                     /app/extra/idea-IU/jbr/lib/libmanagement_ext.so
7f73db4c8000-7f73db4c9000 rw-p 00005000 fd:00 658057                     /app/extra/idea-IU/jbr/lib/libmanagement_ext.so
7f73db4c9000-7f73db4cd000 r-xp 00000000 fd:00 658055                     /app/extra/idea-IU/jbr/lib/libmanagement.so
7f73db4cd000-7f73db6cc000 ---p 00004000 fd:00 658055                     /app/extra/idea-IU/jbr/lib/libmanagement.so
7f73db6cc000-7f73db6cd000 r--p 00003000 fd:00 658055                     /app/extra/idea-IU/jbr/lib/libmanagement.so
7f73db6cd000-7f73db6ce000 rw-p 00004000 fd:00 658055                     /app/extra/idea-IU/jbr/lib/libmanagement.so
7f73db6ce000-7f73db6d2000 ---p 00000000 00:00 0 
7f73db6d2000-7f73db7cf000 rw-p 00000000 00:00 0 
7f73db7cf000-7f73db7e6000 r-xp 00000000 fd:00 658059                     /app/extra/idea-IU/jbr/lib/libnet.so
7f73db7e6000-7f73db9e5000 ---p 00017000 fd:00 658059                     /app/extra/idea-IU/jbr/lib/libnet.so
7f73db9e5000-7f73db9e6000 r--p 00016000 fd:00 658059                     /app/extra/idea-IU/jbr/lib/libnet.so
7f73db9e6000-7f73db9e7000 rw-p 00017000 fd:00 658059                     /app/extra/idea-IU/jbr/lib/libnet.so
7f73db9e7000-7f73db9f7000 r-xp 00000000 fd:00 658060                     /app/extra/idea-IU/jbr/lib/libnio.so
7f73db9f7000-7f73dbbf6000 ---p 00010000 fd:00 658060                     /app/extra/idea-IU/jbr/lib/libnio.so
7f73dbbf6000-7f73dbbf7000 r--p 0000f000 fd:00 658060                     /app/extra/idea-IU/jbr/lib/libnio.so
7f73dbbf7000-7f73dbbf8000 rw-p 00010000 fd:00 658060                     /app/extra/idea-IU/jbr/lib/libnio.so
7f73dbbf8000-7f73dbbfc000 ---p 00000000 00:00 0 
7f73dbbfc000-7f73dbcf9000 rw-p 00000000 00:00 0 
7f73dbcf9000-7f73dbcfd000 ---p 00000000 00:00 0 
7f73dbcfd000-7f73dbdfa000 rw-p 00000000 00:00 0 
7f73dbdfa000-7f73dbdff000 r-xp 00000000 fd:00 658028                     /app/extra/idea-IU/jbr/lib/libdt_socket.so
7f73dbdff000-7f73dbffe000 ---p 00005000 fd:00 658028                     /app/extra/idea-IU/jbr/lib/libdt_socket.so
7f73dbffe000-7f73dbfff000 r--p 00004000 fd:00 658028                     /app/extra/idea-IU/jbr/lib/libdt_socket.so
7f73dbfff000-7f73dc000000 rw-p 00005000 fd:00 658028                     /app/extra/idea-IU/jbr/lib/libdt_socket.so
7f73dc000000-7f73dc021000 rw-p 00000000 00:00 0 
7f73dc021000-7f73e0000000 ---p 00000000 00:00 0 
7f73e0000000-7f73e0021000 rw-p 00000000 00:00 0 
7f73e0021000-7f73e4000000 ---p 00000000 00:00 0 
7f73e4000000-7f73e4021000 rw-p 00000000 00:00 0 
7f73e4021000-7f73e8000000 ---p 00000000 00:00 0 
7f73e8000000-7f73e86b7000 rw-p 00000000 00:00 0 
7f73e86b7000-7f73ec000000 ---p 00000000 00:00 0 
7f73ec000000-7f73ec021000 rw-p 00000000 00:00 0 
7f73ec021000-7f73f0000000 ---p 00000000 00:00 0 
7f73f0000000-7f73f0021000 rw-p 00000000 00:00 0 
7f73f0021000-7f73f4000000 ---p 00000000 00:00 0 
7f73f4000000-7f73f4021000 rw-p 00000000 00:00 0 
7f73f4021000-7f73f8000000 ---p 00000000 00:00 0 
7f73f8000000-7f73f8065000 rw-p 00000000 00:00 0 
7f73f8065000-7f73fc000000 ---p 00000000 00:00 0 
7f73fc000000-7f73fc021000 rw-p 00000000 00:00 0 
7f73fc021000-7f7400000000 ---p 00000000 00:00 0 
7f7400000000-7f7400021000 rw-p 00000000 00:00 0 
7f7400021000-7f7404000000 ---p 00000000 00:00 0 
7f7404000000-7f7404021000 rw-p 00000000 00:00 0 
7f7404021000-7f7408000000 ---p 00000000 00:00 0 
7f74080dd000-7f74080e1000 ---p 00000000 00:00 0 
7f74080e1000-7f74081de000 rw-p 00000000 00:00 0 
7f74081de000-7f74081e2000 ---p 00000000 00:00 0 
7f74081e2000-7f74082df000 rw-p 00000000 00:00 0 
7f74082df000-7f74082e3000 ---p 00000000 00:00 0 
7f74082e3000-7f74083e0000 rw-p 00000000 00:00 0 
7f74083e0000-7f74083e4000 ---p 00000000 00:00 0 
7f74083e4000-7f74084e1000 rw-p 00000000 00:00 0 
7f74084e1000-7f74084e5000 ---p 00000000 00:00 0 
7f74084e5000-7f74085e2000 rw-p 00000000 00:00 0 
7f74085e2000-7f740885a000 r--p 00000000 fd:00 415667                     /usr/lib/locale/en_US.utf8/LC_COLLATE
7f740885a000-7f740885e000 ---p 00000000 00:00 0 
7f740885e000-7f740895b000 rw-p 00000000 00:00 0 
7f740895b000-7f740895f000 ---p 00000000 00:00 0 
7f740895f000-7f7408a5c000 rw-p 00000000 00:00 0 
7f7408a5c000-7f7408a5d000 ---p 00000000 00:00 0 
7f7408a5d000-7f74093df000 rw-p 00000000 00:00 0 
7f74093df000-7f74093e0000 ---p 00000000 00:00 0 
7f74093e0000-7f74094e1000 rw-p 00000000 00:00 0 
7f74094e1000-7f74094e2000 ---p 00000000 00:00 0 
7f74094e2000-7f740b9e7000 rw-p 00000000 00:00 0 
7f740b9e7000-7f740b9e8000 ---p 00000000 00:00 0 
7f740b9e8000-7f740bae9000 rw-p 00000000 00:00 0 
7f740bae9000-7f740baea000 ---p 00000000 00:00 0 
7f740baea000-7f740c09b000 rw-p 00000000 00:00 0 
7f740c09b000-7f740fa13000 ---p 00000000 00:00 0 
7f740fa13000-7f740fec3000 rw-p 00000000 00:00 0 
7f740fec3000-7f741383b000 ---p 00000000 00:00 0 
7f741383b000-7f74138d1000 rw-p 00000000 00:00 0 
7f74138d1000-7f7414000000 ---p 00000000 00:00 0 
7f7414000000-7f7414021000 rw-p 00000000 00:00 0 
7f7414021000-7f7418000000 ---p 00000000 00:00 0 
7f7418049000-7f741804d000 r--p 00000000 fd:00 418956                     /usr/lib/x86_64-linux-gnu/libresolv-2.28.so
7f741804d000-7f741805a000 r-xp 00004000 fd:00 418956                     /usr/lib/x86_64-linux-gnu/libresolv-2.28.so
7f741805a000-7f741805e000 r--p 00011000 fd:00 418956                     /usr/lib/x86_64-linux-gnu/libresolv-2.28.so
7f741805e000-7f741805f000 ---p 00015000 fd:00 418956                     /usr/lib/x86_64-linux-gnu/libresolv-2.28.so
7f741805f000-7f7418060000 r--p 00015000 fd:00 418956                     /usr/lib/x86_64-linux-gnu/libresolv-2.28.so
7f7418060000-7f7418061000 rw-p 00016000 fd:00 418956                     /usr/lib/x86_64-linux-gnu/libresolv-2.28.so
7f7418061000-7f7418063000 rw-p 00000000 00:00 0 
7f7418063000-7f7418064000 r--p 00000000 fd:00 410971                     /usr/lib/x86_64-linux-gnu/libnss_dns-2.28.so
7f7418064000-7f7418068000 r-xp 00001000 fd:00 410971                     /usr/lib/x86_64-linux-gnu/libnss_dns-2.28.so
7f7418068000-7f7418069000 r--p 00005000 fd:00 410971                     /usr/lib/x86_64-linux-gnu/libnss_dns-2.28.so
7f7418069000-7f741806a000 r--p 00005000 fd:00 410971                     /usr/lib/x86_64-linux-gnu/libnss_dns-2.28.so
7f741806a000-7f741806b000 rw-p 00006000 fd:00 410971                     /usr/lib/x86_64-linux-gnu/libnss_dns-2.28.so
7f741807d000-7f741816e000 rw-p 00000000 00:00 0 
7f741816e000-7f741889d000 ---p 00000000 00:00 0 
7f741889d000-7f7418933000 rw-p 00000000 00:00 0 
7f7418933000-7f7419062000 ---p 00000000 00:00 0 
7f7419062000-7f7419163000 rw-p 00000000 00:00 0 
7f7419163000-7f74193d3000 rwxp 00000000 00:00 0 
7f74193d3000-7f741980a000 ---p 00000000 00:00 0 
7f741980a000-7f741a13a000 rwxp 00000000 00:00 0 
7f741a13a000-7f7428163000 ---p 00000000 00:00 0 
7f7428163000-7f742c000000 r--s 00000000 fd:00 658072                     /app/extra/idea-IU/jbr/lib/modules
7f742c000000-7f742dac9000 rw-p 00000000 00:00 0 
7f742dac9000-7f7430000000 ---p 00000000 00:00 0 
7f7430007000-7f743005a000 r--p 00000000 fd:00 407650                     /usr/lib/locale/en_US.utf8/LC_CTYPE
7f743005a000-7f74303e2000 rw-p 00000000 00:00 0 
7f74303e2000-7f74303e3000 ---p 00000000 00:00 0 
7f74303e3000-7f74304f7000 rw-p 00000000 00:00 0 
7f74304f7000-7f74306b7000 ---p 00000000 00:00 0 
7f74306b7000-7f74306bc000 r-xp 00000000 fd:00 658051                     /app/extra/idea-IU/jbr/lib/libjimage.so
7f74306bc000-7f74308bc000 ---p 00005000 fd:00 658051                     /app/extra/idea-IU/jbr/lib/libjimage.so
7f74308bc000-7f74308bd000 r--p 00005000 fd:00 658051                     /app/extra/idea-IU/jbr/lib/libjimage.so
7f74308bd000-7f74308be000 rw-p 00006000 fd:00 658051                     /app/extra/idea-IU/jbr/lib/libjimage.so
7f74308be000-7f74308c5000 r-xp 00000000 fd:00 658071                     /app/extra/idea-IU/jbr/lib/libzip.so
7f74308c5000-7f7430ac4000 ---p 00007000 fd:00 658071                     /app/extra/idea-IU/jbr/lib/libzip.so
7f7430ac4000-7f7430ac5000 r--p 00006000 fd:00 658071                     /app/extra/idea-IU/jbr/lib/libzip.so
7f7430ac5000-7f7430ac6000 rw-p 00007000 fd:00 658071                     /app/extra/idea-IU/jbr/lib/libzip.so
7f7430ac6000-7f7430ac9000 r--p 00000000 fd:00 406168                     /usr/lib/x86_64-linux-gnu/libnss_files-2.28.so
7f7430ac9000-7f7430ad0000 r-xp 00003000 fd:00 406168                     /usr/lib/x86_64-linux-gnu/libnss_files-2.28.so
7f7430ad0000-7f7430ad2000 r--p 0000a000 fd:00 406168                     /usr/lib/x86_64-linux-gnu/libnss_files-2.28.so
7f7430ad2000-7f7430ad3000 r--p 0000c000 fd:00 406168                     /usr/lib/x86_64-linux-gnu/libnss_files-2.28.so
7f7430ad3000-7f7430ad4000 rw-p 0000d000 fd:00 406168                     /usr/lib/x86_64-linux-gnu/libnss_files-2.28.so
7f7430ad4000-7f7430ada000 rw-p 00000000 00:00 0 
7f7430adb000-7f7430add000 r--s 00001000 fd:00 1443762                    /app/extra/idea-IU/plugins/java/lib/rt/debugger-agent-storage.jar
7f7430add000-7f7430ade000 r--p 00000000 fd:00 414354                     /usr/lib/locale/en_US.utf8/LC_NUMERIC
7f7430ade000-7f7430ae3000 rw-p 00000000 00:00 0 
7f7430ae3000-7f7430aec000 ---p 00000000 00:00 0 
7f7430aec000-7f7430af6000 r-xp 00000000 fd:00 658036                     /app/extra/idea-IU/jbr/lib/libinstrument.so
7f7430af6000-7f7430cf5000 ---p 0000a000 fd:00 658036                     /app/extra/idea-IU/jbr/lib/libinstrument.so
7f7430cf5000-7f7430cf6000 r--p 00009000 fd:00 658036                     /app/extra/idea-IU/jbr/lib/libinstrument.so
7f7430cf6000-7f7430cf7000 rw-p 0000a000 fd:00 658036                     /app/extra/idea-IU/jbr/lib/libinstrument.so
7f7430cf7000-7f7430d33000 r-xp 00000000 fd:00 658048                     /app/extra/idea-IU/jbr/lib/libjdwp.so
7f7430d33000-7f7430f32000 ---p 0003c000 fd:00 658048                     /app/extra/idea-IU/jbr/lib/libjdwp.so
7f7430f32000-7f7430f33000 r--p 0003b000 fd:00 658048                     /app/extra/idea-IU/jbr/lib/libjdwp.so
7f7430f33000-7f7430f34000 rw-p 0003c000 fd:00 658048                     /app/extra/idea-IU/jbr/lib/libjdwp.so
7f7430f34000-7f7430f5d000 r-xp 00000000 fd:00 658041                     /app/extra/idea-IU/jbr/lib/libjava.so
7f7430f5d000-7f743115c000 ---p 00029000 fd:00 658041                     /app/extra/idea-IU/jbr/lib/libjava.so
7f743115c000-7f743115d000 r--p 00028000 fd:00 658041                     /app/extra/idea-IU/jbr/lib/libjava.so
7f743115d000-7f743115f000 rw-p 00029000 fd:00 658041                     /app/extra/idea-IU/jbr/lib/libjava.so
7f743115f000-7f743116c000 r-xp 00000000 fd:00 658070                     /app/extra/idea-IU/jbr/lib/libverify.so
7f743116c000-7f743136b000 ---p 0000d000 fd:00 658070                     /app/extra/idea-IU/jbr/lib/libverify.so
7f743136b000-7f743136d000 r--p 0000c000 fd:00 658070                     /app/extra/idea-IU/jbr/lib/libverify.so
7f743136d000-7f743136e000 rw-p 0000e000 fd:00 658070                     /app/extra/idea-IU/jbr/lib/libverify.so
7f743136e000-7f7431370000 r--p 00000000 fd:00 399806                     /usr/lib/x86_64-linux-gnu/librt-2.28.so
7f7431370000-7f7431374000 r-xp 00002000 fd:00 399806                     /usr/lib/x86_64-linux-gnu/librt-2.28.so
7f7431374000-7f7431376000 r--p 00006000 fd:00 399806                     /usr/lib/x86_64-linux-gnu/librt-2.28.so
7f7431376000-7f7431377000 r--p 00007000 fd:00 399806                     /usr/lib/x86_64-linux-gnu/librt-2.28.so
7f7431377000-7f7431378000 rw-p 00008000 fd:00 399806                     /usr/lib/x86_64-linux-gnu/librt-2.28.so
7f7431378000-7f743137c000 ---p 00000000 00:00 0 
7f743137c000-7f7431479000 rw-p 00000000 00:00 0 
7f7431479000-7f743147c000 r--p 00000000 fd:00 402270                     /usr/lib/x86_64-linux-gnu/libgcc_s.so.1
7f743147c000-7f743148e000 r-xp 00003000 fd:00 402270                     /usr/lib/x86_64-linux-gnu/libgcc_s.so.1
7f743148e000-7f7431491000 r--p 00015000 fd:00 402270                     /usr/lib/x86_64-linux-gnu/libgcc_s.so.1
7f7431491000-7f7431492000 ---p 00018000 fd:00 402270                     /usr/lib/x86_64-linux-gnu/libgcc_s.so.1
7f7431492000-7f7431493000 r--p 00018000 fd:00 402270                     /usr/lib/x86_64-linux-gnu/libgcc_s.so.1
7f7431493000-7f7431494000 rw-p 00019000 fd:00 402270                     /usr/lib/x86_64-linux-gnu/libgcc_s.so.1
7f7431494000-7f74314a1000 r--p 00000000 fd:00 420031                     /usr/lib/x86_64-linux-gnu/libm-2.28.so
7f74314a1000-7f7431546000 r-xp 0000d000 fd:00 420031                     /usr/lib/x86_64-linux-gnu/libm-2.28.so
7f7431546000-7f743161d000 r--p 000b2000 fd:00 420031                     /usr/lib/x86_64-linux-gnu/libm-2.28.so
7f743161d000-7f743161e000 r--p 00188000 fd:00 420031                     /usr/lib/x86_64-linux-gnu/libm-2.28.so
7f743161e000-7f743161f000 rw-p 00189000 fd:00 420031                     /usr/lib/x86_64-linux-gnu/libm-2.28.so
7f743161f000-7f74316b0000 r--p 00000000 fd:00 420063                     /usr/lib/x86_64-linux-gnu/libstdc++.so.6.0.25
7f74316b0000-7f743176d000 r-xp 00091000 fd:00 420063                     /usr/lib/x86_64-linux-gnu/libstdc++.so.6.0.25
7f743176d000-7f74317ad000 r--p 0014e000 fd:00 420063                     /usr/lib/x86_64-linux-gnu/libstdc++.so.6.0.25
7f74317ad000-7f74317ae000 ---p 0018e000 fd:00 420063                     /usr/lib/x86_64-linux-gnu/libstdc++.so.6.0.25
7f74317ae000-7f74317b8000 r--p 0018e000 fd:00 420063                     /usr/lib/x86_64-linux-gnu/libstdc++.so.6.0.25
7f74317b8000-7f74317ba000 rw-p 00198000 fd:00 420063                     /usr/lib/x86_64-linux-gnu/libstdc++.so.6.0.25
7f74317ba000-7f74317be000 rw-p 00000000 00:00 0 
7f74317be000-7f7432866000 r-xp 00000000 fd:00 789291                     /app/extra/idea-IU/jbr/lib/server/libjvm.so
7f7432866000-7f7432a66000 ---p 010a8000 fd:00 789291                     /app/extra/idea-IU/jbr/lib/server/libjvm.so
7f7432a66000-7f7432b34000 r--p 010a8000 fd:00 789291                     /app/extra/idea-IU/jbr/lib/server/libjvm.so
7f7432b34000-7f7432b6e000 rw-p 01176000 fd:00 789291                     /app/extra/idea-IU/jbr/lib/server/libjvm.so
7f7432b6e000-7f7432bc9000 rw-p 00000000 00:00 0 
7f7432bc9000-7f7432beb000 r--p 00000000 fd:00 407218                     /usr/lib/x86_64-linux-gnu/libc-2.28.so
7f7432beb000-7f7432d38000 r-xp 00022000 fd:00 407218                     /usr/lib/x86_64-linux-gnu/libc-2.28.so
7f7432d38000-7f7432d84000 r--p 0016f000 fd:00 407218                     /usr/lib/x86_64-linux-gnu/libc-2.28.so
7f7432d84000-7f7432d85000 ---p 001bb000 fd:00 407218                     /usr/lib/x86_64-linux-gnu/libc-2.28.so
7f7432d85000-7f7432d89000 r--p 001bb000 fd:00 407218                     /usr/lib/x86_64-linux-gnu/libc-2.28.so
7f7432d89000-7f7432d8b000 rw-p 001bf000 fd:00 407218                     /usr/lib/x86_64-linux-gnu/libc-2.28.so
7f7432d8b000-7f7432d8f000 rw-p 00000000 00:00 0 
7f7432d8f000-7f7432d90000 r--p 00000000 fd:00 422691                     /usr/lib/x86_64-linux-gnu/libdl-2.28.so
7f7432d90000-7f7432d92000 r-xp 00001000 fd:00 422691                     /usr/lib/x86_64-linux-gnu/libdl-2.28.so
7f7432d92000-7f7432d93000 r--p 00003000 fd:00 422691                     /usr/lib/x86_64-linux-gnu/libdl-2.28.so
7f7432d93000-7f7432d94000 r--p 00003000 fd:00 422691                     /usr/lib/x86_64-linux-gnu/libdl-2.28.so
7f7432d94000-7f7432d95000 rw-p 00004000 fd:00 422691                     /usr/lib/x86_64-linux-gnu/libdl-2.28.so
7f7432d95000-7f7432da4000 r-xp 00000000 fd:00 789282                     /app/extra/idea-IU/jbr/lib/jli/libjli.so
7f7432da4000-7f7432fa3000 ---p 0000f000 fd:00 789282                     /app/extra/idea-IU/jbr/lib/jli/libjli.so
7f7432fa3000-7f7432fa4000 r--p 0000e000 fd:00 789282                     /app/extra/idea-IU/jbr/lib/jli/libjli.so
7f7432fa4000-7f7432fa5000 rw-p 0000f000 fd:00 789282                     /app/extra/idea-IU/jbr/lib/jli/libjli.so
7f7432fa5000-7f7432fab000 r--p 00000000 fd:00 407322                     /usr/lib/x86_64-linux-gnu/libpthread-2.28.so
7f7432fab000-7f7432fbb000 r-xp 00006000 fd:00 407322                     /usr/lib/x86_64-linux-gnu/libpthread-2.28.so
7f7432fbb000-7f7432fc1000 r--p 00016000 fd:00 407322                     /usr/lib/x86_64-linux-gnu/libpthread-2.28.so
7f7432fc1000-7f7432fc2000 r--p 0001b000 fd:00 407322                     /usr/lib/x86_64-linux-gnu/libpthread-2.28.so
7f7432fc2000-7f7432fc3000 rw-p 0001c000 fd:00 407322                     /usr/lib/x86_64-linux-gnu/libpthread-2.28.so
7f7432fc3000-7f7432fc7000 rw-p 00000000 00:00 0 
7f7432fc7000-7f7432fca000 r--p 00000000 fd:00 424459                     /usr/lib/x86_64-linux-gnu/libz.so.1.2.11
7f7432fca000-7f7432fd8000 r-xp 00003000 fd:00 424459                     /usr/lib/x86_64-linux-gnu/libz.so.1.2.11
7f7432fd8000-7f7432fdf000 r--p 00011000 fd:00 424459                     /usr/lib/x86_64-linux-gnu/libz.so.1.2.11
7f7432fdf000-7f7432fe0000 r--p 00017000 fd:00 424459                     /usr/lib/x86_64-linux-gnu/libz.so.1.2.11
7f7432fe0000-7f7432fe1000 rw-p 00018000 fd:00 424459                     /usr/lib/x86_64-linux-gnu/libz.so.1.2.11
7f7432fe1000-7f7432fe3000 rw-p 00000000 00:00 0 
7f7432fe3000-7f7432fe4000 r--p 00000000 fd:00 430009                     /usr/lib/locale/en_US.utf8/LC_TIME
7f7432fe4000-7f7432fe5000 r--p 00000000 fd:00 427867                     /usr/lib/locale/en_US.utf8/LC_MONETARY
7f7432fe5000-7f7432fe6000 r--p 00000000 fd:00 408969                     /usr/lib/locale/en_US.utf8/LC_MESSAGES/SYS_LC_MESSAGES
7f7432fe6000-7f7432fe7000 r--p 00000000 fd:00 418105                     /usr/lib/locale/en_US.utf8/LC_PAPER
7f7432fe7000-7f7432fe8000 r--p 00000000 fd:00 416222                     /usr/lib/locale/en_US.utf8/LC_NAME
7f7432fe8000-7f7432fe9000 r--p 00000000 fd:00 407047                     /usr/lib/locale/en_US.utf8/LC_ADDRESS
7f7432fe9000-7f7432fea000 r--p 00000000 fd:00 418674                     /usr/lib/locale/en_US.utf8/LC_TELEPHONE
7f7432fea000-7f7432feb000 r--p 00000000 fd:00 407093                     /usr/lib/locale/en_US.utf8/LC_MEASUREMENT
7f7432feb000-7f7432ff3000 rw-s 00000000 00:48 6071264                    /tmp/hsperfdata_erick.oliveira/7439
7f7432ff3000-7f7432ff4000 ---p 00000000 00:00 0 
7f7432ff4000-7f7432ff5000 r--p 00000000 00:00 0 
7f7432ff5000-7f7432ff8000 r--p 00000000 00:00 0                          [vvar]
7f7432ff8000-7f7432ff9000 r-xp 00000000 00:00 0                          [vdso]
7f7432ff9000-7f7432ffa000 r--p 00000000 fd:00 420221                     /usr/lib/x86_64-linux-gnu/ld-2.28.so
7f7432ffa000-7f743301a000 r-xp 00001000 fd:00 420221                     /usr/lib/x86_64-linux-gnu/ld-2.28.so
7f743301a000-7f7433022000 r--p 00021000 fd:00 420221                     /usr/lib/x86_64-linux-gnu/ld-2.28.so
7f7433022000-7f7433023000 r--p 00000000 fd:00 429242                     /usr/lib/locale/en_US.utf8/LC_IDENTIFICATION
7f7433023000-7f7433024000 r--p 00029000 fd:00 420221                     /usr/lib/x86_64-linux-gnu/ld-2.28.so
7f7433024000-7f7433025000 rw-p 0002a000 fd:00 420221                     /usr/lib/x86_64-linux-gnu/ld-2.28.so
7f7433025000-7f7433026000 rw-p 00000000 00:00 0 
7ffe6b7d7000-7ffe6b7fb000 rw-p 00000000 00:00 0                          [stack]
ffffffffff600000-ffffffffff601000 r-xp 00000000 00:00 0                  [vsyscall]


VM Arguments:
jvm_args: -Djava.io.tmpdir=/home/erick.oliveira/.var/app/com.jetbrains.IntelliJ-IDEA-Ultimate/cache/tmp/ -agentlib:jdwp=transport=dt_socket,address=127.0.0.1:36843,suspend=y,server=n -XX:TieredStopAtLevel=1 -Xverify:none -Dspring.output.ansi.enabled=always -Dcom.sun.management.jmxremote -Dspring.jmx.enabled=true -Dspring.liveBeansView.mbeanDomain -Dspring.application.admin.enabled=true -javaagent:/app/extra/idea-IU/plugins/java/lib/rt/debugger-agent.jar -Dfile.encoding=UTF-8 
java_command: br.com.projuris.profeed.ProfeedApplication
java_class_path (initial): /home/erick.oliveira/Documents/localRepo/profeed/server/target/classes:/home/erick.oliveira/.m2/repository/org/springframework/boot/spring-boot-starter-data-jpa/2.1.4.RELEASE/spring-boot-starter-data-jpa-2.1.4.RELEASE.jar:/home/erick.oliveira/.m2/repository/org/springframework/boot/spring-boot-starter-aop/2.1.4.RELEASE/spring-boot-starter-aop-2.1.4.RELEASE.jar:/home/erick.oliveira/.m2/repository/org/aspectj/aspectjweaver/1.9.2/aspectjweaver-1.9.2.jar:/home/erick.oliveira/.m2/repository/org/springframework/boot/spring-boot-starter-jdbc/2.1.4.RELEASE/spring-boot-starter-jdbc-2.1.4.RELEASE.jar:/home/erick.oliveira/.m2/repository/com/zaxxer/HikariCP/3.2.0/HikariCP-3.2.0.jar:/home/erick.oliveira/.m2/repository/org/springframework/spring-jdbc/5.1.6.RELEASE/spring-jdbc-5.1.6.RELEASE.jar:/home/erick.oliveira/.m2/repository/javax/transaction/javax.transaction-api/1.3/javax.transaction-api-1.3.jar:/home/erick.oliveira/.m2/repository/javax/xml/bind/jaxb-api/2.3.1/jaxb-api-2.3.1.jar:/home/erick.oliveira/.m2/repository/javax/activation/javax.activation-api/1.2.0/javax.activation-api-1.2.0.jar:/home/erick.oliveira/.m2/repository/org/hibernate/hibernate-core/5.3.9.Final/hibernate-core-5.3.9.Final.jar:/home/erick.oliveira/.m2/repository/org/jboss/logging/jboss-logging/3.3.2.Final/jboss-logging-3.3.2.Final.jar:/home/erick.oliveira/.m2/repository/javax/persistence/javax.persistence-api/2.2/javax.persistence-api-2.2.jar:/home/erick.oliveira/.m2/repository/org/javassist/javassist/3.23.1-GA/javassist-3.23.1-GA.jar:/home/erick.oliveira/.m2/repository/net/bytebuddy/byte-buddy/1.9.12/byte-buddy-1.9.12.jar:/home/erick.oliveira/.m2/repository/antlr/antlr/2.7.7/antlr-2.7.7.jar:/home/erick.oliveira/.m2/repository/org/jboss/jandex/2.0.5.Final/jandex-2.0.5.Final.jar:/home/erick.oliveira/.m2/repository/org/dom4j/dom4j/2.1.1/dom4j-2.1.1.jar:/home/erick.oliveira/.m2/repository/org/hibernate/common/hibernate-commons-annotations/5.0.4.Final/hibernate-commons-annotations-5
Launcher Type: SUN_STANDARD

[Global flags]
     bool BytecodeVerificationLocal                = false                                     {product} {command line}
     bool BytecodeVerificationRemote               = false                                     {product} {command line}
     intx CICompilerCount                          = 3                                         {product} {ergonomic}
     uint ConcGCThreads                            = 1                                         {product} {ergonomic}
     uint G1ConcRefinementThreads                  = 4                                         {product} {ergonomic}
   size_t G1HeapRegionSize                         = 1048576                                   {product} {ergonomic}
    uintx GCDrainStackTargetSize                   = 64                                        {product} {ergonomic}
   size_t InitialHeapSize                          = 262144000                                 {product} {ergonomic}
     bool ManagementServer                         = true                                      {product} {command line}
   size_t MarkStackSize                            = 4194304                                   {product} {ergonomic}
   size_t MaxHeapSize                              = 4171235328                                {product} {ergonomic}
   size_t MaxNewSize                               = 2501902336                                {product} {ergonomic}
   size_t MinHeapDeltaBytes                        = 1048576                                   {product} {ergonomic}
    uintx NonNMethodCodeHeapSize                   = 6973028                                {pd product} {ergonomic}
    uintx NonProfiledCodeHeapSize                  = 244685212                              {pd product} {ergonomic}
    uintx ProfiledCodeHeapSize                     = 0                                      {pd product} {ergonomic}
    uintx ReservedCodeCacheSize                    = 251658240                              {pd product} {ergonomic}
     bool SegmentedCodeCache                       = true                                      {product} {ergonomic}
     intx TieredStopAtLevel                        = 1                                         {product} {command line}
     bool UseCompressedClassPointers               = true                                 {lp64_product} {ergonomic}
     bool UseCompressedOops                        = true                                 {lp64_product} {ergonomic}
     bool UseG1GC                                  = true                                      {product} {ergonomic}

Logging:
Log output configuration:
 #0: stdout all=warning uptime,level,tags
 #1: stderr all=off uptime,level,tags

Environment Variables:
JAVA_TOOL_OPTIONS=-Djava.io.tmpdir=/home/erick.oliveira/.var/app/com.jetbrains.IntelliJ-IDEA-Ultimate/cache/tmp/
PATH=:/app/bin:/usr/bin
USERNAME=erick.oliveira
SHELL=/bin/sh
DISPLAY=:99.0

Signal Handlers:
SIGSEGV: [libjvm.so+0xd97a90], sa_mask[0]=11111111011111111101111111111110, sa_flags=SA_RESTART|SA_SIGINFO
SIGBUS: [libjvm.so+0xd97a90], sa_mask[0]=11111111011111111101111111111110, sa_flags=SA_RESTART|SA_SIGINFO
SIGFPE: [libjvm.so+0xd97a90], sa_mask[0]=11111111011111111101111111111110, sa_flags=SA_RESTART|SA_SIGINFO
SIGPIPE: [libjvm.so+0xb99ae0], sa_mask[0]=11111111011111111101111111111110, sa_flags=SA_RESTART|SA_SIGINFO
SIGXFSZ: [libjvm.so+0xb99ae0], sa_mask[0]=11111111011111111101111111111110, sa_flags=SA_RESTART|SA_SIGINFO
SIGILL: [libjvm.so+0xd97a90], sa_mask[0]=11111111011111111101111111111110, sa_flags=SA_RESTART|SA_SIGINFO
SIGUSR2: [libjvm.so+0xb99980], sa_mask[0]=00100000000000000000000000000000, sa_flags=SA_RESTART|SA_SIGINFO
SIGHUP: [libjvm.so+0xb99b30], sa_mask[0]=11111111011111111101111111111110, sa_flags=SA_RESTART|SA_SIGINFO
SIGINT: [libjvm.so+0xb99b30], sa_mask[0]=11111111011111111101111111111110, sa_flags=SA_RESTART|SA_SIGINFO
SIGTERM: [libjvm.so+0xb99b30], sa_mask[0]=11111111011111111101111111111110, sa_flags=SA_RESTART|SA_SIGINFO
SIGQUIT: [libjvm.so+0xb99b30], sa_mask[0]=11111111011111111101111111111110, sa_flags=SA_RESTART|SA_SIGINFO


---------------  S Y S T E M  ---------------

OS:NAME=Freedesktop.org
VERSION="18.08.34 (Flatpak runtime)"
VERSION_ID=18.08.34
ID=org.freedesktop.platform
PRETTY_NAME="Freedesktop.org 18.08.34 (Flatpak runtime)"
BUG_REPORT_URL=https://gitlab.com/freedesktop-sdk/freedesktop-sdk/issuesuname:Linux 5.1.20-300.fc30.x86_64 #1 SMP Fri Jul 26 15:03:11 UTC 2019 x86_64
libc:glibc 2.28 NPTL 2.28 
rlimit: STACK 8192k, CORE infinity, NPROC 63490, NOFILE 524288, AS infinity, DATA infinity, FSIZE infinity
load average:3.03 2.97 2.56

/proc/meminfo:
MemTotal:       16285988 kB
MemFree:         1837444 kB
MemAvailable:    3942464 kB
Buffers:          238968 kB
Cached:          3432668 kB
SwapCached:         6888 kB
Active:         10544764 kB
Inactive:        2650768 kB
Active(anon):    9465472 kB
Inactive(anon):  1365092 kB
Active(file):    1079292 kB
Inactive(file):  1285676 kB
Unevictable:      465232 kB
Mlocked:              48 kB
SwapTotal:       8212476 kB
SwapFree:        7800316 kB
Dirty:             36152 kB
Writeback:             0 kB
AnonPages:       9983680 kB
Mapped:          1172716 kB
Shmem:           1434060 kB
KReclaimable:     293332 kB
Slab:             489392 kB
SReclaimable:     293332 kB
SUnreclaim:       196060 kB
KernelStack:       21728 kB
PageTables:        99444 kB
NFS_Unstable:          0 kB
Bounce:                0 kB
WritebackTmp:          0 kB
CommitLimit:    16355468 kB
Committed_AS:   24139116 kB
VmallocTotal:   34359738367 kB
VmallocUsed:           0 kB
VmallocChunk:          0 kB
Percpu:             3168 kB
HardwareCorrupted:     0 kB
AnonHugePages:         0 kB
ShmemHugePages:        0 kB
ShmemPmdMapped:        0 kB
CmaTotal:              0 kB
CmaFree:               0 kB
HugePages_Total:       0
HugePages_Free:        0
HugePages_Rsvd:        0
HugePages_Surp:        0
Hugepagesize:       2048 kB
Hugetlb:               0 kB
DirectMap4k:      684836 kB
DirectMap2M:    14907392 kB
DirectMap1G:     2097152 kB


/proc/sys/kernel/threads-max (system-wide limit on the number of threads):
126980


/proc/sys/vm/max_map_count (maximum number of memory map areas a process may have):
65530


/proc/sys/kernel/pid_max (system-wide limit on number of process identifiers):
32768




CPU:total 4 (initial active 4) (2 cores per cpu, 2 threads per core) family 6 model 142 stepping 9, cmov, cx8, fxsr, mmx, sse, sse2, sse3, ssse3, sse4.1, sse4.2, popcnt, avx, avx2, aes, clmul, erms, 3dnowpref, lzcnt, ht, tsc, tscinvbit, bmi1, bmi2, adx, fma
CPU Model and flags from /proc/cpuinfo:
model name	: Intel(R) Core(TM) i7-7500U CPU @ 2.70GHz
flags		: fpu vme de pse tsc msr pae mce cx8 apic sep mtrr pge mca cmov pat pse36 clflush dts acpi mmx fxsr sse sse2 ss ht tm pbe syscall nx pdpe1gb rdtscp lm constant_tsc art arch_perfmon pebs bts rep_good nopl xtopology nonstop_tsc cpuid aperfmperf tsc_known_freq pni pclmulqdq dtes64 monitor ds_cpl vmx est tm2 ssse3 sdbg fma cx16 xtpr pdcm pcid sse4_1 sse4_2 x2apic movbe popcnt tsc_deadline_timer aes xsave avx f16c rdrand lahf_lm abm 3dnowprefetch cpuid_fault epb invpcid_single pti ssbd ibrs ibpb stibp tpr_shadow vnmi flexpriority ept vpid ept_ad fsgsbase tsc_adjust bmi1 avx2 smep bmi2 erms invpcid mpx rdseed adx smap clflushopt intel_pt xsaveopt xsavec xgetbv1 xsaves dtherm ida arat pln pts hwp hwp_notify hwp_act_window hwp_epp md_clear flush_l1d

Memory: 4k page, physical 16285988k(1837444k free), swap 8212476k(7800316k free)

vm_info: OpenJDK 64-Bit Server VM (11.0.3+12-b304.10) for linux-amd64 JRE (11.0.3+12-b304.10), built on Jun 25 2019 04:28:12 by "" with gcc 4.8.5 20150623 (Red Hat 4.8.5-28)

END.
